<?xml version="1.0" encoding="UTF-8"?>
<robot generator="Robot 6.0.2 (Python 3.11.2 on win32)" generated="20230530 14:18:00.089" rpa="false" schemaversion="3">
<suite id="s1" name="updateScreenshots" source="C:\Users\AarniSeppänen\Documents\GitHub\web-collections\client\robots\updateScreenshots.robot">
<kw name="Connect To Database" library="DatabaseLibrary" type="SETUP">
<arg>pymysql</arg>
<arg>${DB_NAME}</arg>
<arg>${DB_USERNAME}</arg>
<arg>${DB_PASSWORD}</arg>
<arg>${DB_HOST}</arg>
<arg>${DB_PORT}</arg>
<doc>Loads the DB API 2.0 module given `dbapiModuleName` then uses it to
connect to the database using `dbName`, `dbUsername`, and `dbPassword`.</doc>
<msg timestamp="20230530 14:18:00.389" level="INFO">Connecting using : pymysql.connect(db=heroku_beb9e92089676e3, user=bb329fbdf3c076, passwd=f0d9eb62, host=us-cdbr-east-06.cleardb.net, port=3306, charset=None) </msg>
<status status="PASS" starttime="20230530 14:18:00.364" endtime="20230530 14:18:01.278"/>
</kw>
<test id="s1-t1" name="Get Websites" line="22">
<kw name="Query" library="DatabaseLibrary">
<var>${websites}</var>
<arg>SELECT url FROM website;</arg>
<doc>Uses the input `selectStatement` to query for the values that will be returned as a list of tuples. Set optional
input `sansTran` to True to run command without an explicit transaction commit or rollback.
Set optional input `returnAsDict` to True to return values as a list of dictionaries.</doc>
<msg timestamp="20230530 14:18:01.280" level="INFO">Executing : Query  |  SELECT url FROM website; </msg>
<msg timestamp="20230530 14:18:01.589" level="INFO">${websites} = (('https://www.hs.fi/',), ('https://www.facebook.com/',), ('https://www.linkedin.com/',), ('https://www.twitter.com/',), ('https://www.github.com',), ('https://www.google.com/',), ('https://www.duckdu...</msg>
<status status="PASS" starttime="20230530 14:18:01.280" endtime="20230530 14:18:01.589"/>
</kw>
<for flavor="IN">
<var>${website}</var>
<value>@{websites}</value>
<iter>
<var name="${website}">('https://www.hs.fi/',)</var>
<kw name="Set Variable" library="BuiltIn">
<var>${url}</var>
<arg>${website[0]}</arg>
<doc>Returns the given values which can then be assigned to a variables.</doc>
<msg timestamp="20230530 14:18:01.592" level="INFO">${url} = https://www.hs.fi/</msg>
<status status="PASS" starttime="20230530 14:18:01.591" endtime="20230530 14:18:01.592"/>
</kw>
<kw name="Set Variable" library="BuiltIn">
<var>${filename}</var>
<arg>${url.split('//')[1].replace('www.', '').split('.')[0]}</arg>
<doc>Returns the given values which can then be assigned to a variables.</doc>
<msg timestamp="20230530 14:18:01.593" level="INFO">${filename} = hs</msg>
<status status="PASS" starttime="20230530 14:18:01.592" endtime="20230530 14:18:01.593"/>
</kw>
<kw name="Run Keyword And Ignore Error" library="BuiltIn">
<arg>Take Screenshot</arg>
<arg>${url}</arg>
<arg>${filename}</arg>
<doc>Runs the given keyword with the given arguments and ignores possible error.</doc>
<kw name="Take Screenshot" library="takeScreenshot">
<arg>${url}</arg>
<arg>${filename}</arg>
<kw name="Set Variable" library="BuiltIn">
<var>${image_name}</var>
<arg>screenshots/${filename}.png</arg>
<doc>Returns the given values which can then be assigned to a variables.</doc>
<msg timestamp="20230530 14:18:01.595" level="INFO">${image_name} = screenshots/hs.png</msg>
<status status="PASS" starttime="20230530 14:18:01.595" endtime="20230530 14:18:01.595"/>
</kw>
<kw name="Open Browser" library="SeleniumLibrary">
<arg>${url}</arg>
<arg>${BROWSER}</arg>
<doc>Opens a new browser instance to the optional ``url``.</doc>
<msg timestamp="20230530 14:18:01.596" level="INFO">Opening browser 'chrome' to base url 'https://www.hs.fi/'.</msg>
<status status="PASS" starttime="20230530 14:18:01.596" endtime="20230530 14:18:06.452"/>
</kw>
<kw name="Maximize Browser Window" library="SeleniumLibrary">
<doc>Maximizes current browser window.</doc>
<status status="PASS" starttime="20230530 14:18:06.452" endtime="20230530 14:18:06.686"/>
</kw>
<kw name="Sleep" library="BuiltIn">
<arg>${DELAY}</arg>
<doc>Pauses the test executed for the given time.</doc>
<msg timestamp="20230530 14:18:09.687" level="INFO">Slept 3 seconds</msg>
<status status="PASS" starttime="20230530 14:18:06.686" endtime="20230530 14:18:09.687"/>
</kw>
<kw name="Capture Page Screenshot" library="SeleniumLibrary">
<arg>${image_name}</arg>
<doc>Takes a screenshot of the current page and embeds it into a log file.</doc>
<msg timestamp="20230530 14:18:10.325" level="INFO" html="true">&lt;/td&gt;&lt;/tr&gt;&lt;tr&gt;&lt;td colspan="3"&gt;&lt;a href="screenshots/hs.png"&gt;&lt;img src="screenshots/hs.png" width="800px"&gt;&lt;/a&gt;</msg>
<status status="PASS" starttime="20230530 14:18:09.687" endtime="20230530 14:18:10.326"/>
</kw>
<kw name="Close Browser" library="SeleniumLibrary">
<doc>Closes the current browser.</doc>
<status status="PASS" starttime="20230530 14:18:10.326" endtime="20230530 14:18:12.708"/>
</kw>
<status status="PASS" starttime="20230530 14:18:01.595" endtime="20230530 14:18:12.708"/>
</kw>
<status status="PASS" starttime="20230530 14:18:01.595" endtime="20230530 14:18:12.708"/>
</kw>
<status status="PASS" starttime="20230530 14:18:01.590" endtime="20230530 14:18:12.708"/>
</iter>
<iter>
<var name="${website}">('https://www.facebook.com/',)</var>
<kw name="Set Variable" library="BuiltIn">
<var>${url}</var>
<arg>${website[0]}</arg>
<doc>Returns the given values which can then be assigned to a variables.</doc>
<msg timestamp="20230530 14:18:12.710" level="INFO">${url} = https://www.facebook.com/</msg>
<status status="PASS" starttime="20230530 14:18:12.709" endtime="20230530 14:18:12.710"/>
</kw>
<kw name="Set Variable" library="BuiltIn">
<var>${filename}</var>
<arg>${url.split('//')[1].replace('www.', '').split('.')[0]}</arg>
<doc>Returns the given values which can then be assigned to a variables.</doc>
<msg timestamp="20230530 14:18:12.711" level="INFO">${filename} = facebook</msg>
<status status="PASS" starttime="20230530 14:18:12.710" endtime="20230530 14:18:12.711"/>
</kw>
<kw name="Run Keyword And Ignore Error" library="BuiltIn">
<arg>Take Screenshot</arg>
<arg>${url}</arg>
<arg>${filename}</arg>
<doc>Runs the given keyword with the given arguments and ignores possible error.</doc>
<kw name="Take Screenshot" library="takeScreenshot">
<arg>${url}</arg>
<arg>${filename}</arg>
<kw name="Set Variable" library="BuiltIn">
<var>${image_name}</var>
<arg>screenshots/${filename}.png</arg>
<doc>Returns the given values which can then be assigned to a variables.</doc>
<msg timestamp="20230530 14:18:12.712" level="INFO">${image_name} = screenshots/facebook.png</msg>
<status status="PASS" starttime="20230530 14:18:12.711" endtime="20230530 14:18:12.712"/>
</kw>
<kw name="Open Browser" library="SeleniumLibrary">
<arg>${url}</arg>
<arg>${BROWSER}</arg>
<doc>Opens a new browser instance to the optional ``url``.</doc>
<msg timestamp="20230530 14:18:12.712" level="INFO">Opening browser 'chrome' to base url 'https://www.facebook.com/'.</msg>
<status status="PASS" starttime="20230530 14:18:12.712" endtime="20230530 14:18:15.403"/>
</kw>
<kw name="Maximize Browser Window" library="SeleniumLibrary">
<doc>Maximizes current browser window.</doc>
<status status="PASS" starttime="20230530 14:18:15.403" endtime="20230530 14:18:15.533"/>
</kw>
<kw name="Sleep" library="BuiltIn">
<arg>${DELAY}</arg>
<doc>Pauses the test executed for the given time.</doc>
<msg timestamp="20230530 14:18:18.535" level="INFO">Slept 3 seconds</msg>
<status status="PASS" starttime="20230530 14:18:15.534" endtime="20230530 14:18:18.535"/>
</kw>
<kw name="Capture Page Screenshot" library="SeleniumLibrary">
<arg>${image_name}</arg>
<doc>Takes a screenshot of the current page and embeds it into a log file.</doc>
<msg timestamp="20230530 14:18:18.672" level="INFO" html="true">&lt;/td&gt;&lt;/tr&gt;&lt;tr&gt;&lt;td colspan="3"&gt;&lt;a href="screenshots/facebook.png"&gt;&lt;img src="screenshots/facebook.png" width="800px"&gt;&lt;/a&gt;</msg>
<status status="PASS" starttime="20230530 14:18:18.535" endtime="20230530 14:18:18.672"/>
</kw>
<kw name="Close Browser" library="SeleniumLibrary">
<doc>Closes the current browser.</doc>
<status status="PASS" starttime="20230530 14:18:18.672" endtime="20230530 14:18:21.081"/>
</kw>
<status status="PASS" starttime="20230530 14:18:12.711" endtime="20230530 14:18:21.081"/>
</kw>
<status status="PASS" starttime="20230530 14:18:12.711" endtime="20230530 14:18:21.081"/>
</kw>
<status status="PASS" starttime="20230530 14:18:12.708" endtime="20230530 14:18:21.081"/>
</iter>
<iter>
<var name="${website}">('https://www.linkedin.com/',)</var>
<kw name="Set Variable" library="BuiltIn">
<var>${url}</var>
<arg>${website[0]}</arg>
<doc>Returns the given values which can then be assigned to a variables.</doc>
<msg timestamp="20230530 14:18:21.083" level="INFO">${url} = https://www.linkedin.com/</msg>
<status status="PASS" starttime="20230530 14:18:21.081" endtime="20230530 14:18:21.083"/>
</kw>
<kw name="Set Variable" library="BuiltIn">
<var>${filename}</var>
<arg>${url.split('//')[1].replace('www.', '').split('.')[0]}</arg>
<doc>Returns the given values which can then be assigned to a variables.</doc>
<msg timestamp="20230530 14:18:21.084" level="INFO">${filename} = linkedin</msg>
<status status="PASS" starttime="20230530 14:18:21.083" endtime="20230530 14:18:21.084"/>
</kw>
<kw name="Run Keyword And Ignore Error" library="BuiltIn">
<arg>Take Screenshot</arg>
<arg>${url}</arg>
<arg>${filename}</arg>
<doc>Runs the given keyword with the given arguments and ignores possible error.</doc>
<kw name="Take Screenshot" library="takeScreenshot">
<arg>${url}</arg>
<arg>${filename}</arg>
<kw name="Set Variable" library="BuiltIn">
<var>${image_name}</var>
<arg>screenshots/${filename}.png</arg>
<doc>Returns the given values which can then be assigned to a variables.</doc>
<msg timestamp="20230530 14:18:21.085" level="INFO">${image_name} = screenshots/linkedin.png</msg>
<status status="PASS" starttime="20230530 14:18:21.084" endtime="20230530 14:18:21.085"/>
</kw>
<kw name="Open Browser" library="SeleniumLibrary">
<arg>${url}</arg>
<arg>${BROWSER}</arg>
<doc>Opens a new browser instance to the optional ``url``.</doc>
<msg timestamp="20230530 14:18:21.085" level="INFO">Opening browser 'chrome' to base url 'https://www.linkedin.com/'.</msg>
<status status="PASS" starttime="20230530 14:18:21.085" endtime="20230530 14:18:24.696"/>
</kw>
<kw name="Maximize Browser Window" library="SeleniumLibrary">
<doc>Maximizes current browser window.</doc>
<status status="PASS" starttime="20230530 14:18:24.697" endtime="20230530 14:18:24.882"/>
</kw>
<kw name="Sleep" library="BuiltIn">
<arg>${DELAY}</arg>
<doc>Pauses the test executed for the given time.</doc>
<msg timestamp="20230530 14:18:27.883" level="INFO">Slept 3 seconds</msg>
<status status="PASS" starttime="20230530 14:18:24.882" endtime="20230530 14:18:27.883"/>
</kw>
<kw name="Capture Page Screenshot" library="SeleniumLibrary">
<arg>${image_name}</arg>
<doc>Takes a screenshot of the current page and embeds it into a log file.</doc>
<msg timestamp="20230530 14:18:28.092" level="INFO" html="true">&lt;/td&gt;&lt;/tr&gt;&lt;tr&gt;&lt;td colspan="3"&gt;&lt;a href="screenshots/linkedin.png"&gt;&lt;img src="screenshots/linkedin.png" width="800px"&gt;&lt;/a&gt;</msg>
<status status="PASS" starttime="20230530 14:18:27.883" endtime="20230530 14:18:28.093"/>
</kw>
<kw name="Close Browser" library="SeleniumLibrary">
<doc>Closes the current browser.</doc>
<status status="PASS" starttime="20230530 14:18:28.093" endtime="20230530 14:18:30.359"/>
</kw>
<status status="PASS" starttime="20230530 14:18:21.084" endtime="20230530 14:18:30.360"/>
</kw>
<status status="PASS" starttime="20230530 14:18:21.084" endtime="20230530 14:18:30.360"/>
</kw>
<status status="PASS" starttime="20230530 14:18:21.081" endtime="20230530 14:18:30.360"/>
</iter>
<iter>
<var name="${website}">('https://www.twitter.com/',)</var>
<kw name="Set Variable" library="BuiltIn">
<var>${url}</var>
<arg>${website[0]}</arg>
<doc>Returns the given values which can then be assigned to a variables.</doc>
<msg timestamp="20230530 14:18:30.362" level="INFO">${url} = https://www.twitter.com/</msg>
<status status="PASS" starttime="20230530 14:18:30.361" endtime="20230530 14:18:30.362"/>
</kw>
<kw name="Set Variable" library="BuiltIn">
<var>${filename}</var>
<arg>${url.split('//')[1].replace('www.', '').split('.')[0]}</arg>
<doc>Returns the given values which can then be assigned to a variables.</doc>
<msg timestamp="20230530 14:18:30.363" level="INFO">${filename} = twitter</msg>
<status status="PASS" starttime="20230530 14:18:30.362" endtime="20230530 14:18:30.363"/>
</kw>
<kw name="Run Keyword And Ignore Error" library="BuiltIn">
<arg>Take Screenshot</arg>
<arg>${url}</arg>
<arg>${filename}</arg>
<doc>Runs the given keyword with the given arguments and ignores possible error.</doc>
<kw name="Take Screenshot" library="takeScreenshot">
<arg>${url}</arg>
<arg>${filename}</arg>
<kw name="Set Variable" library="BuiltIn">
<var>${image_name}</var>
<arg>screenshots/${filename}.png</arg>
<doc>Returns the given values which can then be assigned to a variables.</doc>
<msg timestamp="20230530 14:18:30.364" level="INFO">${image_name} = screenshots/twitter.png</msg>
<status status="PASS" starttime="20230530 14:18:30.364" endtime="20230530 14:18:30.364"/>
</kw>
<kw name="Open Browser" library="SeleniumLibrary">
<arg>${url}</arg>
<arg>${BROWSER}</arg>
<doc>Opens a new browser instance to the optional ``url``.</doc>
<msg timestamp="20230530 14:18:30.365" level="INFO">Opening browser 'chrome' to base url 'https://www.twitter.com/'.</msg>
<status status="PASS" starttime="20230530 14:18:30.364" endtime="20230530 14:18:34.520"/>
</kw>
<kw name="Maximize Browser Window" library="SeleniumLibrary">
<doc>Maximizes current browser window.</doc>
<status status="PASS" starttime="20230530 14:18:34.520" endtime="20230530 14:18:34.672"/>
</kw>
<kw name="Sleep" library="BuiltIn">
<arg>${DELAY}</arg>
<doc>Pauses the test executed for the given time.</doc>
<msg timestamp="20230530 14:18:37.673" level="INFO">Slept 3 seconds</msg>
<status status="PASS" starttime="20230530 14:18:34.672" endtime="20230530 14:18:37.673"/>
</kw>
<kw name="Capture Page Screenshot" library="SeleniumLibrary">
<arg>${image_name}</arg>
<doc>Takes a screenshot of the current page and embeds it into a log file.</doc>
<msg timestamp="20230530 14:18:38.042" level="INFO" html="true">&lt;/td&gt;&lt;/tr&gt;&lt;tr&gt;&lt;td colspan="3"&gt;&lt;a href="screenshots/twitter.png"&gt;&lt;img src="screenshots/twitter.png" width="800px"&gt;&lt;/a&gt;</msg>
<status status="PASS" starttime="20230530 14:18:37.673" endtime="20230530 14:18:38.042"/>
</kw>
<kw name="Close Browser" library="SeleniumLibrary">
<doc>Closes the current browser.</doc>
<status status="PASS" starttime="20230530 14:18:38.042" endtime="20230530 14:18:40.415"/>
</kw>
<status status="PASS" starttime="20230530 14:18:30.363" endtime="20230530 14:18:40.416"/>
</kw>
<status status="PASS" starttime="20230530 14:18:30.363" endtime="20230530 14:18:40.416"/>
</kw>
<status status="PASS" starttime="20230530 14:18:30.360" endtime="20230530 14:18:40.416"/>
</iter>
<iter>
<var name="${website}">('https://www.github.com',)</var>
<kw name="Set Variable" library="BuiltIn">
<var>${url}</var>
<arg>${website[0]}</arg>
<doc>Returns the given values which can then be assigned to a variables.</doc>
<msg timestamp="20230530 14:18:40.419" level="INFO">${url} = https://www.github.com</msg>
<status status="PASS" starttime="20230530 14:18:40.417" endtime="20230530 14:18:40.419"/>
</kw>
<kw name="Set Variable" library="BuiltIn">
<var>${filename}</var>
<arg>${url.split('//')[1].replace('www.', '').split('.')[0]}</arg>
<doc>Returns the given values which can then be assigned to a variables.</doc>
<msg timestamp="20230530 14:18:40.420" level="INFO">${filename} = github</msg>
<status status="PASS" starttime="20230530 14:18:40.419" endtime="20230530 14:18:40.420"/>
</kw>
<kw name="Run Keyword And Ignore Error" library="BuiltIn">
<arg>Take Screenshot</arg>
<arg>${url}</arg>
<arg>${filename}</arg>
<doc>Runs the given keyword with the given arguments and ignores possible error.</doc>
<kw name="Take Screenshot" library="takeScreenshot">
<arg>${url}</arg>
<arg>${filename}</arg>
<kw name="Set Variable" library="BuiltIn">
<var>${image_name}</var>
<arg>screenshots/${filename}.png</arg>
<doc>Returns the given values which can then be assigned to a variables.</doc>
<msg timestamp="20230530 14:18:40.421" level="INFO">${image_name} = screenshots/github.png</msg>
<status status="PASS" starttime="20230530 14:18:40.421" endtime="20230530 14:18:40.421"/>
</kw>
<kw name="Open Browser" library="SeleniumLibrary">
<arg>${url}</arg>
<arg>${BROWSER}</arg>
<doc>Opens a new browser instance to the optional ``url``.</doc>
<msg timestamp="20230530 14:18:40.422" level="INFO">Opening browser 'chrome' to base url 'https://www.github.com'.</msg>
<status status="PASS" starttime="20230530 14:18:40.422" endtime="20230530 14:18:43.728"/>
</kw>
<kw name="Maximize Browser Window" library="SeleniumLibrary">
<doc>Maximizes current browser window.</doc>
<status status="PASS" starttime="20230530 14:18:43.728" endtime="20230530 14:18:44.553"/>
</kw>
<kw name="Sleep" library="BuiltIn">
<arg>${DELAY}</arg>
<doc>Pauses the test executed for the given time.</doc>
<msg timestamp="20230530 14:18:47.554" level="INFO">Slept 3 seconds</msg>
<status status="PASS" starttime="20230530 14:18:44.553" endtime="20230530 14:18:47.554"/>
</kw>
<kw name="Capture Page Screenshot" library="SeleniumLibrary">
<arg>${image_name}</arg>
<doc>Takes a screenshot of the current page and embeds it into a log file.</doc>
<msg timestamp="20230530 14:18:48.438" level="INFO" html="true">&lt;/td&gt;&lt;/tr&gt;&lt;tr&gt;&lt;td colspan="3"&gt;&lt;a href="screenshots/github.png"&gt;&lt;img src="screenshots/github.png" width="800px"&gt;&lt;/a&gt;</msg>
<status status="PASS" starttime="20230530 14:18:47.554" endtime="20230530 14:18:48.438"/>
</kw>
<kw name="Close Browser" library="SeleniumLibrary">
<doc>Closes the current browser.</doc>
<status status="PASS" starttime="20230530 14:18:48.438" endtime="20230530 14:18:50.781"/>
</kw>
<status status="PASS" starttime="20230530 14:18:40.421" endtime="20230530 14:18:50.781"/>
</kw>
<status status="PASS" starttime="20230530 14:18:40.420" endtime="20230530 14:18:50.781"/>
</kw>
<status status="PASS" starttime="20230530 14:18:40.417" endtime="20230530 14:18:50.781"/>
</iter>
<iter>
<var name="${website}">('https://www.google.com/',)</var>
<kw name="Set Variable" library="BuiltIn">
<var>${url}</var>
<arg>${website[0]}</arg>
<doc>Returns the given values which can then be assigned to a variables.</doc>
<msg timestamp="20230530 14:18:50.784" level="INFO">${url} = https://www.google.com/</msg>
<status status="PASS" starttime="20230530 14:18:50.781" endtime="20230530 14:18:50.784"/>
</kw>
<kw name="Set Variable" library="BuiltIn">
<var>${filename}</var>
<arg>${url.split('//')[1].replace('www.', '').split('.')[0]}</arg>
<doc>Returns the given values which can then be assigned to a variables.</doc>
<msg timestamp="20230530 14:18:50.785" level="INFO">${filename} = google</msg>
<status status="PASS" starttime="20230530 14:18:50.784" endtime="20230530 14:18:50.785"/>
</kw>
<kw name="Run Keyword And Ignore Error" library="BuiltIn">
<arg>Take Screenshot</arg>
<arg>${url}</arg>
<arg>${filename}</arg>
<doc>Runs the given keyword with the given arguments and ignores possible error.</doc>
<kw name="Take Screenshot" library="takeScreenshot">
<arg>${url}</arg>
<arg>${filename}</arg>
<kw name="Set Variable" library="BuiltIn">
<var>${image_name}</var>
<arg>screenshots/${filename}.png</arg>
<doc>Returns the given values which can then be assigned to a variables.</doc>
<msg timestamp="20230530 14:18:50.786" level="INFO">${image_name} = screenshots/google.png</msg>
<status status="PASS" starttime="20230530 14:18:50.786" endtime="20230530 14:18:50.786"/>
</kw>
<kw name="Open Browser" library="SeleniumLibrary">
<arg>${url}</arg>
<arg>${BROWSER}</arg>
<doc>Opens a new browser instance to the optional ``url``.</doc>
<msg timestamp="20230530 14:18:50.787" level="INFO">Opening browser 'chrome' to base url 'https://www.google.com/'.</msg>
<status status="PASS" starttime="20230530 14:18:50.787" endtime="20230530 14:18:53.089"/>
</kw>
<kw name="Maximize Browser Window" library="SeleniumLibrary">
<doc>Maximizes current browser window.</doc>
<status status="PASS" starttime="20230530 14:18:53.089" endtime="20230530 14:18:53.215"/>
</kw>
<kw name="Sleep" library="BuiltIn">
<arg>${DELAY}</arg>
<doc>Pauses the test executed for the given time.</doc>
<msg timestamp="20230530 14:18:56.215" level="INFO">Slept 3 seconds</msg>
<status status="PASS" starttime="20230530 14:18:53.215" endtime="20230530 14:18:56.215"/>
</kw>
<kw name="Capture Page Screenshot" library="SeleniumLibrary">
<arg>${image_name}</arg>
<doc>Takes a screenshot of the current page and embeds it into a log file.</doc>
<msg timestamp="20230530 14:18:56.390" level="INFO" html="true">&lt;/td&gt;&lt;/tr&gt;&lt;tr&gt;&lt;td colspan="3"&gt;&lt;a href="screenshots/google.png"&gt;&lt;img src="screenshots/google.png" width="800px"&gt;&lt;/a&gt;</msg>
<status status="PASS" starttime="20230530 14:18:56.215" endtime="20230530 14:18:56.390"/>
</kw>
<kw name="Close Browser" library="SeleniumLibrary">
<doc>Closes the current browser.</doc>
<status status="PASS" starttime="20230530 14:18:56.391" endtime="20230530 14:18:58.704"/>
</kw>
<status status="PASS" starttime="20230530 14:18:50.785" endtime="20230530 14:18:58.704"/>
</kw>
<status status="PASS" starttime="20230530 14:18:50.785" endtime="20230530 14:18:58.704"/>
</kw>
<status status="PASS" starttime="20230530 14:18:50.781" endtime="20230530 14:18:58.704"/>
</iter>
<iter>
<var name="${website}">('https://www.duckduckgo.com/',)</var>
<kw name="Set Variable" library="BuiltIn">
<var>${url}</var>
<arg>${website[0]}</arg>
<doc>Returns the given values which can then be assigned to a variables.</doc>
<msg timestamp="20230530 14:18:58.706" level="INFO">${url} = https://www.duckduckgo.com/</msg>
<status status="PASS" starttime="20230530 14:18:58.704" endtime="20230530 14:18:58.706"/>
</kw>
<kw name="Set Variable" library="BuiltIn">
<var>${filename}</var>
<arg>${url.split('//')[1].replace('www.', '').split('.')[0]}</arg>
<doc>Returns the given values which can then be assigned to a variables.</doc>
<msg timestamp="20230530 14:18:58.706" level="INFO">${filename} = duckduckgo</msg>
<status status="PASS" starttime="20230530 14:18:58.706" endtime="20230530 14:18:58.706"/>
</kw>
<kw name="Run Keyword And Ignore Error" library="BuiltIn">
<arg>Take Screenshot</arg>
<arg>${url}</arg>
<arg>${filename}</arg>
<doc>Runs the given keyword with the given arguments and ignores possible error.</doc>
<kw name="Take Screenshot" library="takeScreenshot">
<arg>${url}</arg>
<arg>${filename}</arg>
<kw name="Set Variable" library="BuiltIn">
<var>${image_name}</var>
<arg>screenshots/${filename}.png</arg>
<doc>Returns the given values which can then be assigned to a variables.</doc>
<msg timestamp="20230530 14:18:58.707" level="INFO">${image_name} = screenshots/duckduckgo.png</msg>
<status status="PASS" starttime="20230530 14:18:58.707" endtime="20230530 14:18:58.707"/>
</kw>
<kw name="Open Browser" library="SeleniumLibrary">
<arg>${url}</arg>
<arg>${BROWSER}</arg>
<doc>Opens a new browser instance to the optional ``url``.</doc>
<msg timestamp="20230530 14:18:58.708" level="INFO">Opening browser 'chrome' to base url 'https://www.duckduckgo.com/'.</msg>
<status status="PASS" starttime="20230530 14:18:58.708" endtime="20230530 14:19:01.319"/>
</kw>
<kw name="Maximize Browser Window" library="SeleniumLibrary">
<doc>Maximizes current browser window.</doc>
<status status="PASS" starttime="20230530 14:19:01.319" endtime="20230530 14:19:01.470"/>
</kw>
<kw name="Sleep" library="BuiltIn">
<arg>${DELAY}</arg>
<doc>Pauses the test executed for the given time.</doc>
<msg timestamp="20230530 14:19:04.472" level="INFO">Slept 3 seconds</msg>
<status status="PASS" starttime="20230530 14:19:01.470" endtime="20230530 14:19:04.472"/>
</kw>
<kw name="Capture Page Screenshot" library="SeleniumLibrary">
<arg>${image_name}</arg>
<doc>Takes a screenshot of the current page and embeds it into a log file.</doc>
<msg timestamp="20230530 14:19:04.636" level="INFO" html="true">&lt;/td&gt;&lt;/tr&gt;&lt;tr&gt;&lt;td colspan="3"&gt;&lt;a href="screenshots/duckduckgo.png"&gt;&lt;img src="screenshots/duckduckgo.png" width="800px"&gt;&lt;/a&gt;</msg>
<status status="PASS" starttime="20230530 14:19:04.472" endtime="20230530 14:19:04.636"/>
</kw>
<kw name="Close Browser" library="SeleniumLibrary">
<doc>Closes the current browser.</doc>
<status status="PASS" starttime="20230530 14:19:04.637" endtime="20230530 14:19:06.869"/>
</kw>
<status status="PASS" starttime="20230530 14:18:58.707" endtime="20230530 14:19:06.869"/>
</kw>
<status status="PASS" starttime="20230530 14:18:58.706" endtime="20230530 14:19:06.869"/>
</kw>
<status status="PASS" starttime="20230530 14:18:58.704" endtime="20230530 14:19:06.870"/>
</iter>
<iter>
<var name="${website}">('https://www.youtube.com/',)</var>
<kw name="Set Variable" library="BuiltIn">
<var>${url}</var>
<arg>${website[0]}</arg>
<doc>Returns the given values which can then be assigned to a variables.</doc>
<msg timestamp="20230530 14:19:06.871" level="INFO">${url} = https://www.youtube.com/</msg>
<status status="PASS" starttime="20230530 14:19:06.870" endtime="20230530 14:19:06.872"/>
</kw>
<kw name="Set Variable" library="BuiltIn">
<var>${filename}</var>
<arg>${url.split('//')[1].replace('www.', '').split('.')[0]}</arg>
<doc>Returns the given values which can then be assigned to a variables.</doc>
<msg timestamp="20230530 14:19:06.872" level="INFO">${filename} = youtube</msg>
<status status="PASS" starttime="20230530 14:19:06.872" endtime="20230530 14:19:06.872"/>
</kw>
<kw name="Run Keyword And Ignore Error" library="BuiltIn">
<arg>Take Screenshot</arg>
<arg>${url}</arg>
<arg>${filename}</arg>
<doc>Runs the given keyword with the given arguments and ignores possible error.</doc>
<kw name="Take Screenshot" library="takeScreenshot">
<arg>${url}</arg>
<arg>${filename}</arg>
<kw name="Set Variable" library="BuiltIn">
<var>${image_name}</var>
<arg>screenshots/${filename}.png</arg>
<doc>Returns the given values which can then be assigned to a variables.</doc>
<msg timestamp="20230530 14:19:06.873" level="INFO">${image_name} = screenshots/youtube.png</msg>
<status status="PASS" starttime="20230530 14:19:06.873" endtime="20230530 14:19:06.873"/>
</kw>
<kw name="Open Browser" library="SeleniumLibrary">
<arg>${url}</arg>
<arg>${BROWSER}</arg>
<doc>Opens a new browser instance to the optional ``url``.</doc>
<msg timestamp="20230530 14:19:06.874" level="INFO">Opening browser 'chrome' to base url 'https://www.youtube.com/'.</msg>
<status status="PASS" starttime="20230530 14:19:06.874" endtime="20230530 14:19:11.733"/>
</kw>
<kw name="Maximize Browser Window" library="SeleniumLibrary">
<doc>Maximizes current browser window.</doc>
<status status="PASS" starttime="20230530 14:19:11.734" endtime="20230530 14:19:12.762"/>
</kw>
<kw name="Sleep" library="BuiltIn">
<arg>${DELAY}</arg>
<doc>Pauses the test executed for the given time.</doc>
<msg timestamp="20230530 14:19:15.763" level="INFO">Slept 3 seconds</msg>
<status status="PASS" starttime="20230530 14:19:12.762" endtime="20230530 14:19:15.763"/>
</kw>
<kw name="Capture Page Screenshot" library="SeleniumLibrary">
<arg>${image_name}</arg>
<doc>Takes a screenshot of the current page and embeds it into a log file.</doc>
<msg timestamp="20230530 14:19:17.120" level="INFO" html="true">&lt;/td&gt;&lt;/tr&gt;&lt;tr&gt;&lt;td colspan="3"&gt;&lt;a href="screenshots/youtube.png"&gt;&lt;img src="screenshots/youtube.png" width="800px"&gt;&lt;/a&gt;</msg>
<status status="PASS" starttime="20230530 14:19:15.763" endtime="20230530 14:19:17.120"/>
</kw>
<kw name="Close Browser" library="SeleniumLibrary">
<doc>Closes the current browser.</doc>
<status status="PASS" starttime="20230530 14:19:17.120" endtime="20230530 14:19:19.538"/>
</kw>
<status status="PASS" starttime="20230530 14:19:06.873" endtime="20230530 14:19:19.538"/>
</kw>
<status status="PASS" starttime="20230530 14:19:06.873" endtime="20230530 14:19:19.538"/>
</kw>
<status status="PASS" starttime="20230530 14:19:06.870" endtime="20230530 14:19:19.538"/>
</iter>
<iter>
<var name="${website}">('https://chat.openai.com',)</var>
<kw name="Set Variable" library="BuiltIn">
<var>${url}</var>
<arg>${website[0]}</arg>
<doc>Returns the given values which can then be assigned to a variables.</doc>
<msg timestamp="20230530 14:19:19.540" level="INFO">${url} = https://chat.openai.com</msg>
<status status="PASS" starttime="20230530 14:19:19.539" endtime="20230530 14:19:19.540"/>
</kw>
<kw name="Set Variable" library="BuiltIn">
<var>${filename}</var>
<arg>${url.split('//')[1].replace('www.', '').split('.')[0]}</arg>
<doc>Returns the given values which can then be assigned to a variables.</doc>
<msg timestamp="20230530 14:19:19.540" level="INFO">${filename} = chat</msg>
<status status="PASS" starttime="20230530 14:19:19.540" endtime="20230530 14:19:19.540"/>
</kw>
<kw name="Run Keyword And Ignore Error" library="BuiltIn">
<arg>Take Screenshot</arg>
<arg>${url}</arg>
<arg>${filename}</arg>
<doc>Runs the given keyword with the given arguments and ignores possible error.</doc>
<kw name="Take Screenshot" library="takeScreenshot">
<arg>${url}</arg>
<arg>${filename}</arg>
<kw name="Set Variable" library="BuiltIn">
<var>${image_name}</var>
<arg>screenshots/${filename}.png</arg>
<doc>Returns the given values which can then be assigned to a variables.</doc>
<msg timestamp="20230530 14:19:19.541" level="INFO">${image_name} = screenshots/chat.png</msg>
<status status="PASS" starttime="20230530 14:19:19.541" endtime="20230530 14:19:19.541"/>
</kw>
<kw name="Open Browser" library="SeleniumLibrary">
<arg>${url}</arg>
<arg>${BROWSER}</arg>
<doc>Opens a new browser instance to the optional ``url``.</doc>
<msg timestamp="20230530 14:19:19.542" level="INFO">Opening browser 'chrome' to base url 'https://chat.openai.com'.</msg>
<status status="PASS" starttime="20230530 14:19:19.541" endtime="20230530 14:19:22.381"/>
</kw>
<kw name="Maximize Browser Window" library="SeleniumLibrary">
<doc>Maximizes current browser window.</doc>
<status status="PASS" starttime="20230530 14:19:22.381" endtime="20230530 14:19:22.531"/>
</kw>
<kw name="Sleep" library="BuiltIn">
<arg>${DELAY}</arg>
<doc>Pauses the test executed for the given time.</doc>
<msg timestamp="20230530 14:19:25.533" level="INFO">Slept 3 seconds</msg>
<status status="PASS" starttime="20230530 14:19:22.531" endtime="20230530 14:19:25.533"/>
</kw>
<kw name="Capture Page Screenshot" library="SeleniumLibrary">
<arg>${image_name}</arg>
<doc>Takes a screenshot of the current page and embeds it into a log file.</doc>
<msg timestamp="20230530 14:19:25.680" level="INFO" html="true">&lt;/td&gt;&lt;/tr&gt;&lt;tr&gt;&lt;td colspan="3"&gt;&lt;a href="screenshots/chat.png"&gt;&lt;img src="screenshots/chat.png" width="800px"&gt;&lt;/a&gt;</msg>
<status status="PASS" starttime="20230530 14:19:25.533" endtime="20230530 14:19:25.680"/>
</kw>
<kw name="Close Browser" library="SeleniumLibrary">
<doc>Closes the current browser.</doc>
<status status="PASS" starttime="20230530 14:19:25.680" endtime="20230530 14:19:27.986"/>
</kw>
<status status="PASS" starttime="20230530 14:19:19.541" endtime="20230530 14:19:27.986"/>
</kw>
<status status="PASS" starttime="20230530 14:19:19.541" endtime="20230530 14:19:27.986"/>
</kw>
<status status="PASS" starttime="20230530 14:19:19.538" endtime="20230530 14:19:27.986"/>
</iter>
<iter>
<var name="${website}">('https://cloud.google.com/',)</var>
<kw name="Set Variable" library="BuiltIn">
<var>${url}</var>
<arg>${website[0]}</arg>
<doc>Returns the given values which can then be assigned to a variables.</doc>
<msg timestamp="20230530 14:19:27.988" level="INFO">${url} = https://cloud.google.com/</msg>
<status status="PASS" starttime="20230530 14:19:27.987" endtime="20230530 14:19:27.988"/>
</kw>
<kw name="Set Variable" library="BuiltIn">
<var>${filename}</var>
<arg>${url.split('//')[1].replace('www.', '').split('.')[0]}</arg>
<doc>Returns the given values which can then be assigned to a variables.</doc>
<msg timestamp="20230530 14:19:27.989" level="INFO">${filename} = cloud</msg>
<status status="PASS" starttime="20230530 14:19:27.988" endtime="20230530 14:19:27.989"/>
</kw>
<kw name="Run Keyword And Ignore Error" library="BuiltIn">
<arg>Take Screenshot</arg>
<arg>${url}</arg>
<arg>${filename}</arg>
<doc>Runs the given keyword with the given arguments and ignores possible error.</doc>
<kw name="Take Screenshot" library="takeScreenshot">
<arg>${url}</arg>
<arg>${filename}</arg>
<kw name="Set Variable" library="BuiltIn">
<var>${image_name}</var>
<arg>screenshots/${filename}.png</arg>
<doc>Returns the given values which can then be assigned to a variables.</doc>
<msg timestamp="20230530 14:19:27.989" level="INFO">${image_name} = screenshots/cloud.png</msg>
<status status="PASS" starttime="20230530 14:19:27.989" endtime="20230530 14:19:27.989"/>
</kw>
<kw name="Open Browser" library="SeleniumLibrary">
<arg>${url}</arg>
<arg>${BROWSER}</arg>
<doc>Opens a new browser instance to the optional ``url``.</doc>
<msg timestamp="20230530 14:19:27.990" level="INFO">Opening browser 'chrome' to base url 'https://cloud.google.com/'.</msg>
<status status="PASS" starttime="20230530 14:19:27.990" endtime="20230530 14:19:33.868"/>
</kw>
<kw name="Maximize Browser Window" library="SeleniumLibrary">
<doc>Maximizes current browser window.</doc>
<status status="PASS" starttime="20230530 14:19:33.868" endtime="20230530 14:19:34.069"/>
</kw>
<kw name="Sleep" library="BuiltIn">
<arg>${DELAY}</arg>
<doc>Pauses the test executed for the given time.</doc>
<msg timestamp="20230530 14:19:37.070" level="INFO">Slept 3 seconds</msg>
<status status="PASS" starttime="20230530 14:19:34.069" endtime="20230530 14:19:37.070"/>
</kw>
<kw name="Capture Page Screenshot" library="SeleniumLibrary">
<arg>${image_name}</arg>
<doc>Takes a screenshot of the current page and embeds it into a log file.</doc>
<msg timestamp="20230530 14:19:37.516" level="INFO" html="true">&lt;/td&gt;&lt;/tr&gt;&lt;tr&gt;&lt;td colspan="3"&gt;&lt;a href="screenshots/cloud.png"&gt;&lt;img src="screenshots/cloud.png" width="800px"&gt;&lt;/a&gt;</msg>
<status status="PASS" starttime="20230530 14:19:37.070" endtime="20230530 14:19:37.516"/>
</kw>
<kw name="Close Browser" library="SeleniumLibrary">
<doc>Closes the current browser.</doc>
<status status="PASS" starttime="20230530 14:19:37.516" endtime="20230530 14:19:39.904"/>
</kw>
<status status="PASS" starttime="20230530 14:19:27.989" endtime="20230530 14:19:39.905"/>
</kw>
<status status="PASS" starttime="20230530 14:19:27.989" endtime="20230530 14:19:39.905"/>
</kw>
<status status="PASS" starttime="20230530 14:19:27.987" endtime="20230530 14:19:39.905"/>
</iter>
<iter>
<var name="${website}">('https://www.heroku.com/',)</var>
<kw name="Set Variable" library="BuiltIn">
<var>${url}</var>
<arg>${website[0]}</arg>
<doc>Returns the given values which can then be assigned to a variables.</doc>
<msg timestamp="20230530 14:19:39.907" level="INFO">${url} = https://www.heroku.com/</msg>
<status status="PASS" starttime="20230530 14:19:39.905" endtime="20230530 14:19:39.907"/>
</kw>
<kw name="Set Variable" library="BuiltIn">
<var>${filename}</var>
<arg>${url.split('//')[1].replace('www.', '').split('.')[0]}</arg>
<doc>Returns the given values which can then be assigned to a variables.</doc>
<msg timestamp="20230530 14:19:39.908" level="INFO">${filename} = heroku</msg>
<status status="PASS" starttime="20230530 14:19:39.907" endtime="20230530 14:19:39.908"/>
</kw>
<kw name="Run Keyword And Ignore Error" library="BuiltIn">
<arg>Take Screenshot</arg>
<arg>${url}</arg>
<arg>${filename}</arg>
<doc>Runs the given keyword with the given arguments and ignores possible error.</doc>
<kw name="Take Screenshot" library="takeScreenshot">
<arg>${url}</arg>
<arg>${filename}</arg>
<kw name="Set Variable" library="BuiltIn">
<var>${image_name}</var>
<arg>screenshots/${filename}.png</arg>
<doc>Returns the given values which can then be assigned to a variables.</doc>
<msg timestamp="20230530 14:19:39.910" level="INFO">${image_name} = screenshots/heroku.png</msg>
<status status="PASS" starttime="20230530 14:19:39.909" endtime="20230530 14:19:39.910"/>
</kw>
<kw name="Open Browser" library="SeleniumLibrary">
<arg>${url}</arg>
<arg>${BROWSER}</arg>
<doc>Opens a new browser instance to the optional ``url``.</doc>
<msg timestamp="20230530 14:19:39.911" level="INFO">Opening browser 'chrome' to base url 'https://www.heroku.com/'.</msg>
<status status="PASS" starttime="20230530 14:19:39.910" endtime="20230530 14:19:43.783"/>
</kw>
<kw name="Maximize Browser Window" library="SeleniumLibrary">
<doc>Maximizes current browser window.</doc>
<status status="PASS" starttime="20230530 14:19:43.783" endtime="20230530 14:19:44.076"/>
</kw>
<kw name="Sleep" library="BuiltIn">
<arg>${DELAY}</arg>
<doc>Pauses the test executed for the given time.</doc>
<msg timestamp="20230530 14:19:47.077" level="INFO">Slept 3 seconds</msg>
<status status="PASS" starttime="20230530 14:19:44.077" endtime="20230530 14:19:47.077"/>
</kw>
<kw name="Capture Page Screenshot" library="SeleniumLibrary">
<arg>${image_name}</arg>
<doc>Takes a screenshot of the current page and embeds it into a log file.</doc>
<msg timestamp="20230530 14:19:47.269" level="INFO" html="true">&lt;/td&gt;&lt;/tr&gt;&lt;tr&gt;&lt;td colspan="3"&gt;&lt;a href="screenshots/heroku.png"&gt;&lt;img src="screenshots/heroku.png" width="800px"&gt;&lt;/a&gt;</msg>
<status status="PASS" starttime="20230530 14:19:47.077" endtime="20230530 14:19:47.270"/>
</kw>
<kw name="Close Browser" library="SeleniumLibrary">
<doc>Closes the current browser.</doc>
<status status="PASS" starttime="20230530 14:19:47.270" endtime="20230530 14:19:49.571"/>
</kw>
<status status="PASS" starttime="20230530 14:19:39.909" endtime="20230530 14:19:49.571"/>
</kw>
<status status="PASS" starttime="20230530 14:19:39.908" endtime="20230530 14:19:49.571"/>
</kw>
<status status="PASS" starttime="20230530 14:19:39.905" endtime="20230530 14:19:49.571"/>
</iter>
<iter>
<var name="${website}">('https://aws.amazon.com',)</var>
<kw name="Set Variable" library="BuiltIn">
<var>${url}</var>
<arg>${website[0]}</arg>
<doc>Returns the given values which can then be assigned to a variables.</doc>
<msg timestamp="20230530 14:19:49.573" level="INFO">${url} = https://aws.amazon.com</msg>
<status status="PASS" starttime="20230530 14:19:49.571" endtime="20230530 14:19:49.573"/>
</kw>
<kw name="Set Variable" library="BuiltIn">
<var>${filename}</var>
<arg>${url.split('//')[1].replace('www.', '').split('.')[0]}</arg>
<doc>Returns the given values which can then be assigned to a variables.</doc>
<msg timestamp="20230530 14:19:49.574" level="INFO">${filename} = aws</msg>
<status status="PASS" starttime="20230530 14:19:49.573" endtime="20230530 14:19:49.574"/>
</kw>
<kw name="Run Keyword And Ignore Error" library="BuiltIn">
<arg>Take Screenshot</arg>
<arg>${url}</arg>
<arg>${filename}</arg>
<doc>Runs the given keyword with the given arguments and ignores possible error.</doc>
<kw name="Take Screenshot" library="takeScreenshot">
<arg>${url}</arg>
<arg>${filename}</arg>
<kw name="Set Variable" library="BuiltIn">
<var>${image_name}</var>
<arg>screenshots/${filename}.png</arg>
<doc>Returns the given values which can then be assigned to a variables.</doc>
<msg timestamp="20230530 14:19:49.575" level="INFO">${image_name} = screenshots/aws.png</msg>
<status status="PASS" starttime="20230530 14:19:49.575" endtime="20230530 14:19:49.575"/>
</kw>
<kw name="Open Browser" library="SeleniumLibrary">
<arg>${url}</arg>
<arg>${BROWSER}</arg>
<doc>Opens a new browser instance to the optional ``url``.</doc>
<msg timestamp="20230530 14:19:49.577" level="INFO">Opening browser 'chrome' to base url 'https://aws.amazon.com'.</msg>
<status status="PASS" starttime="20230530 14:19:49.575" endtime="20230530 14:19:56.066"/>
</kw>
<kw name="Maximize Browser Window" library="SeleniumLibrary">
<doc>Maximizes current browser window.</doc>
<status status="PASS" starttime="20230530 14:19:56.066" endtime="20230530 14:19:56.199"/>
</kw>
<kw name="Sleep" library="BuiltIn">
<arg>${DELAY}</arg>
<doc>Pauses the test executed for the given time.</doc>
<msg timestamp="20230530 14:19:59.200" level="INFO">Slept 3 seconds</msg>
<status status="PASS" starttime="20230530 14:19:56.199" endtime="20230530 14:19:59.200"/>
</kw>
<kw name="Capture Page Screenshot" library="SeleniumLibrary">
<arg>${image_name}</arg>
<doc>Takes a screenshot of the current page and embeds it into a log file.</doc>
<msg timestamp="20230530 14:19:59.643" level="INFO" html="true">&lt;/td&gt;&lt;/tr&gt;&lt;tr&gt;&lt;td colspan="3"&gt;&lt;a href="screenshots/aws.png"&gt;&lt;img src="screenshots/aws.png" width="800px"&gt;&lt;/a&gt;</msg>
<status status="PASS" starttime="20230530 14:19:59.200" endtime="20230530 14:19:59.644"/>
</kw>
<kw name="Close Browser" library="SeleniumLibrary">
<doc>Closes the current browser.</doc>
<status status="PASS" starttime="20230530 14:19:59.644" endtime="20230530 14:20:01.962"/>
</kw>
<status status="PASS" starttime="20230530 14:19:49.574" endtime="20230530 14:20:01.963"/>
</kw>
<status status="PASS" starttime="20230530 14:19:49.574" endtime="20230530 14:20:01.963"/>
</kw>
<status status="PASS" starttime="20230530 14:19:49.571" endtime="20230530 14:20:01.963"/>
</iter>
<iter>
<var name="${website}">('https://www.netlify.com',)</var>
<kw name="Set Variable" library="BuiltIn">
<var>${url}</var>
<arg>${website[0]}</arg>
<doc>Returns the given values which can then be assigned to a variables.</doc>
<msg timestamp="20230530 14:20:01.964" level="INFO">${url} = https://www.netlify.com</msg>
<status status="PASS" starttime="20230530 14:20:01.963" endtime="20230530 14:20:01.964"/>
</kw>
<kw name="Set Variable" library="BuiltIn">
<var>${filename}</var>
<arg>${url.split('//')[1].replace('www.', '').split('.')[0]}</arg>
<doc>Returns the given values which can then be assigned to a variables.</doc>
<msg timestamp="20230530 14:20:01.964" level="INFO">${filename} = netlify</msg>
<status status="PASS" starttime="20230530 14:20:01.964" endtime="20230530 14:20:01.964"/>
</kw>
<kw name="Run Keyword And Ignore Error" library="BuiltIn">
<arg>Take Screenshot</arg>
<arg>${url}</arg>
<arg>${filename}</arg>
<doc>Runs the given keyword with the given arguments and ignores possible error.</doc>
<kw name="Take Screenshot" library="takeScreenshot">
<arg>${url}</arg>
<arg>${filename}</arg>
<kw name="Set Variable" library="BuiltIn">
<var>${image_name}</var>
<arg>screenshots/${filename}.png</arg>
<doc>Returns the given values which can then be assigned to a variables.</doc>
<msg timestamp="20230530 14:20:01.966" level="INFO">${image_name} = screenshots/netlify.png</msg>
<status status="PASS" starttime="20230530 14:20:01.966" endtime="20230530 14:20:01.967"/>
</kw>
<kw name="Open Browser" library="SeleniumLibrary">
<arg>${url}</arg>
<arg>${BROWSER}</arg>
<doc>Opens a new browser instance to the optional ``url``.</doc>
<msg timestamp="20230530 14:20:01.968" level="INFO">Opening browser 'chrome' to base url 'https://www.netlify.com'.</msg>
<status status="PASS" starttime="20230530 14:20:01.967" endtime="20230530 14:20:06.625"/>
</kw>
<kw name="Maximize Browser Window" library="SeleniumLibrary">
<doc>Maximizes current browser window.</doc>
<status status="PASS" starttime="20230530 14:20:06.625" endtime="20230530 14:20:06.832"/>
</kw>
<kw name="Sleep" library="BuiltIn">
<arg>${DELAY}</arg>
<doc>Pauses the test executed for the given time.</doc>
<msg timestamp="20230530 14:20:09.833" level="INFO">Slept 3 seconds</msg>
<status status="PASS" starttime="20230530 14:20:06.832" endtime="20230530 14:20:09.834"/>
</kw>
<kw name="Capture Page Screenshot" library="SeleniumLibrary">
<arg>${image_name}</arg>
<doc>Takes a screenshot of the current page and embeds it into a log file.</doc>
<msg timestamp="20230530 14:20:10.060" level="INFO" html="true">&lt;/td&gt;&lt;/tr&gt;&lt;tr&gt;&lt;td colspan="3"&gt;&lt;a href="screenshots/netlify.png"&gt;&lt;img src="screenshots/netlify.png" width="800px"&gt;&lt;/a&gt;</msg>
<status status="PASS" starttime="20230530 14:20:09.834" endtime="20230530 14:20:10.060"/>
</kw>
<kw name="Close Browser" library="SeleniumLibrary">
<doc>Closes the current browser.</doc>
<status status="PASS" starttime="20230530 14:20:10.060" endtime="20230530 14:20:12.370"/>
</kw>
<status status="PASS" starttime="20230530 14:20:01.966" endtime="20230530 14:20:12.371"/>
</kw>
<status status="PASS" starttime="20230530 14:20:01.966" endtime="20230530 14:20:12.371"/>
</kw>
<status status="PASS" starttime="20230530 14:20:01.963" endtime="20230530 14:20:12.371"/>
</iter>
<iter>
<var name="${website}">('https://www.mongodb.com/',)</var>
<kw name="Set Variable" library="BuiltIn">
<var>${url}</var>
<arg>${website[0]}</arg>
<doc>Returns the given values which can then be assigned to a variables.</doc>
<msg timestamp="20230530 14:20:12.372" level="INFO">${url} = https://www.mongodb.com/</msg>
<status status="PASS" starttime="20230530 14:20:12.371" endtime="20230530 14:20:12.372"/>
</kw>
<kw name="Set Variable" library="BuiltIn">
<var>${filename}</var>
<arg>${url.split('//')[1].replace('www.', '').split('.')[0]}</arg>
<doc>Returns the given values which can then be assigned to a variables.</doc>
<msg timestamp="20230530 14:20:12.373" level="INFO">${filename} = mongodb</msg>
<status status="PASS" starttime="20230530 14:20:12.373" endtime="20230530 14:20:12.373"/>
</kw>
<kw name="Run Keyword And Ignore Error" library="BuiltIn">
<arg>Take Screenshot</arg>
<arg>${url}</arg>
<arg>${filename}</arg>
<doc>Runs the given keyword with the given arguments and ignores possible error.</doc>
<kw name="Take Screenshot" library="takeScreenshot">
<arg>${url}</arg>
<arg>${filename}</arg>
<kw name="Set Variable" library="BuiltIn">
<var>${image_name}</var>
<arg>screenshots/${filename}.png</arg>
<doc>Returns the given values which can then be assigned to a variables.</doc>
<msg timestamp="20230530 14:20:12.374" level="INFO">${image_name} = screenshots/mongodb.png</msg>
<status status="PASS" starttime="20230530 14:20:12.374" endtime="20230530 14:20:12.374"/>
</kw>
<kw name="Open Browser" library="SeleniumLibrary">
<arg>${url}</arg>
<arg>${BROWSER}</arg>
<doc>Opens a new browser instance to the optional ``url``.</doc>
<msg timestamp="20230530 14:20:12.375" level="INFO">Opening browser 'chrome' to base url 'https://www.mongodb.com/'.</msg>
<status status="PASS" starttime="20230530 14:20:12.375" endtime="20230530 14:20:19.664"/>
</kw>
<kw name="Maximize Browser Window" library="SeleniumLibrary">
<doc>Maximizes current browser window.</doc>
<status status="PASS" starttime="20230530 14:20:19.664" endtime="20230530 14:20:20.497"/>
</kw>
<kw name="Sleep" library="BuiltIn">
<arg>${DELAY}</arg>
<doc>Pauses the test executed for the given time.</doc>
<msg timestamp="20230530 14:20:23.498" level="INFO">Slept 3 seconds</msg>
<status status="PASS" starttime="20230530 14:20:20.498" endtime="20230530 14:20:23.498"/>
</kw>
<kw name="Capture Page Screenshot" library="SeleniumLibrary">
<arg>${image_name}</arg>
<doc>Takes a screenshot of the current page and embeds it into a log file.</doc>
<msg timestamp="20230530 14:20:23.743" level="INFO" html="true">&lt;/td&gt;&lt;/tr&gt;&lt;tr&gt;&lt;td colspan="3"&gt;&lt;a href="screenshots/mongodb.png"&gt;&lt;img src="screenshots/mongodb.png" width="800px"&gt;&lt;/a&gt;</msg>
<status status="PASS" starttime="20230530 14:20:23.498" endtime="20230530 14:20:23.743"/>
</kw>
<kw name="Close Browser" library="SeleniumLibrary">
<doc>Closes the current browser.</doc>
<status status="PASS" starttime="20230530 14:20:23.743" endtime="20230530 14:20:26.148"/>
</kw>
<status status="PASS" starttime="20230530 14:20:12.374" endtime="20230530 14:20:26.148"/>
</kw>
<status status="PASS" starttime="20230530 14:20:12.374" endtime="20230530 14:20:26.149"/>
</kw>
<status status="PASS" starttime="20230530 14:20:12.371" endtime="20230530 14:20:26.149"/>
</iter>
<iter>
<var name="${website}">('https://www.iltasanomat.fi/',)</var>
<kw name="Set Variable" library="BuiltIn">
<var>${url}</var>
<arg>${website[0]}</arg>
<doc>Returns the given values which can then be assigned to a variables.</doc>
<msg timestamp="20230530 14:20:26.151" level="INFO">${url} = https://www.iltasanomat.fi/</msg>
<status status="PASS" starttime="20230530 14:20:26.149" endtime="20230530 14:20:26.151"/>
</kw>
<kw name="Set Variable" library="BuiltIn">
<var>${filename}</var>
<arg>${url.split('//')[1].replace('www.', '').split('.')[0]}</arg>
<doc>Returns the given values which can then be assigned to a variables.</doc>
<msg timestamp="20230530 14:20:26.152" level="INFO">${filename} = iltasanomat</msg>
<status status="PASS" starttime="20230530 14:20:26.151" endtime="20230530 14:20:26.152"/>
</kw>
<kw name="Run Keyword And Ignore Error" library="BuiltIn">
<arg>Take Screenshot</arg>
<arg>${url}</arg>
<arg>${filename}</arg>
<doc>Runs the given keyword with the given arguments and ignores possible error.</doc>
<kw name="Take Screenshot" library="takeScreenshot">
<arg>${url}</arg>
<arg>${filename}</arg>
<kw name="Set Variable" library="BuiltIn">
<var>${image_name}</var>
<arg>screenshots/${filename}.png</arg>
<doc>Returns the given values which can then be assigned to a variables.</doc>
<msg timestamp="20230530 14:20:26.153" level="INFO">${image_name} = screenshots/iltasanomat.png</msg>
<status status="PASS" starttime="20230530 14:20:26.153" endtime="20230530 14:20:26.153"/>
</kw>
<kw name="Open Browser" library="SeleniumLibrary">
<arg>${url}</arg>
<arg>${BROWSER}</arg>
<doc>Opens a new browser instance to the optional ``url``.</doc>
<msg timestamp="20230530 14:20:26.154" level="INFO">Opening browser 'chrome' to base url 'https://www.iltasanomat.fi/'.</msg>
<status status="PASS" starttime="20230530 14:20:26.154" endtime="20230530 14:20:30.312"/>
</kw>
<kw name="Maximize Browser Window" library="SeleniumLibrary">
<doc>Maximizes current browser window.</doc>
<status status="PASS" starttime="20230530 14:20:30.312" endtime="20230530 14:20:30.560"/>
</kw>
<kw name="Sleep" library="BuiltIn">
<arg>${DELAY}</arg>
<doc>Pauses the test executed for the given time.</doc>
<msg timestamp="20230530 14:20:33.562" level="INFO">Slept 3 seconds</msg>
<status status="PASS" starttime="20230530 14:20:30.561" endtime="20230530 14:20:33.562"/>
</kw>
<kw name="Capture Page Screenshot" library="SeleniumLibrary">
<arg>${image_name}</arg>
<doc>Takes a screenshot of the current page and embeds it into a log file.</doc>
<msg timestamp="20230530 14:20:34.097" level="INFO" html="true">&lt;/td&gt;&lt;/tr&gt;&lt;tr&gt;&lt;td colspan="3"&gt;&lt;a href="screenshots/iltasanomat.png"&gt;&lt;img src="screenshots/iltasanomat.png" width="800px"&gt;&lt;/a&gt;</msg>
<status status="PASS" starttime="20230530 14:20:33.562" endtime="20230530 14:20:34.098"/>
</kw>
<kw name="Close Browser" library="SeleniumLibrary">
<doc>Closes the current browser.</doc>
<status status="PASS" starttime="20230530 14:20:34.098" endtime="20230530 14:20:36.350"/>
</kw>
<status status="PASS" starttime="20230530 14:20:26.153" endtime="20230530 14:20:36.350"/>
</kw>
<status status="PASS" starttime="20230530 14:20:26.152" endtime="20230530 14:20:36.352"/>
</kw>
<status status="PASS" starttime="20230530 14:20:26.149" endtime="20230530 14:20:36.352"/>
</iter>
<iter>
<var name="${website}">('https://www.iltalehti.fi/',)</var>
<kw name="Set Variable" library="BuiltIn">
<var>${url}</var>
<arg>${website[0]}</arg>
<doc>Returns the given values which can then be assigned to a variables.</doc>
<msg timestamp="20230530 14:20:36.353" level="INFO">${url} = https://www.iltalehti.fi/</msg>
<status status="PASS" starttime="20230530 14:20:36.352" endtime="20230530 14:20:36.353"/>
</kw>
<kw name="Set Variable" library="BuiltIn">
<var>${filename}</var>
<arg>${url.split('//')[1].replace('www.', '').split('.')[0]}</arg>
<doc>Returns the given values which can then be assigned to a variables.</doc>
<msg timestamp="20230530 14:20:36.354" level="INFO">${filename} = iltalehti</msg>
<status status="PASS" starttime="20230530 14:20:36.353" endtime="20230530 14:20:36.354"/>
</kw>
<kw name="Run Keyword And Ignore Error" library="BuiltIn">
<arg>Take Screenshot</arg>
<arg>${url}</arg>
<arg>${filename}</arg>
<doc>Runs the given keyword with the given arguments and ignores possible error.</doc>
<kw name="Take Screenshot" library="takeScreenshot">
<arg>${url}</arg>
<arg>${filename}</arg>
<kw name="Set Variable" library="BuiltIn">
<var>${image_name}</var>
<arg>screenshots/${filename}.png</arg>
<doc>Returns the given values which can then be assigned to a variables.</doc>
<msg timestamp="20230530 14:20:36.355" level="INFO">${image_name} = screenshots/iltalehti.png</msg>
<status status="PASS" starttime="20230530 14:20:36.355" endtime="20230530 14:20:36.355"/>
</kw>
<kw name="Open Browser" library="SeleniumLibrary">
<arg>${url}</arg>
<arg>${BROWSER}</arg>
<doc>Opens a new browser instance to the optional ``url``.</doc>
<msg timestamp="20230530 14:20:36.356" level="INFO">Opening browser 'chrome' to base url 'https://www.iltalehti.fi/'.</msg>
<status status="PASS" starttime="20230530 14:20:36.355" endtime="20230530 14:20:39.180"/>
</kw>
<kw name="Maximize Browser Window" library="SeleniumLibrary">
<doc>Maximizes current browser window.</doc>
<status status="PASS" starttime="20230530 14:20:39.181" endtime="20230530 14:20:39.315"/>
</kw>
<kw name="Sleep" library="BuiltIn">
<arg>${DELAY}</arg>
<doc>Pauses the test executed for the given time.</doc>
<msg timestamp="20230530 14:20:42.316" level="INFO">Slept 3 seconds</msg>
<status status="PASS" starttime="20230530 14:20:39.315" endtime="20230530 14:20:42.317"/>
</kw>
<kw name="Capture Page Screenshot" library="SeleniumLibrary">
<arg>${image_name}</arg>
<doc>Takes a screenshot of the current page and embeds it into a log file.</doc>
<msg timestamp="20230530 14:20:42.721" level="INFO" html="true">&lt;/td&gt;&lt;/tr&gt;&lt;tr&gt;&lt;td colspan="3"&gt;&lt;a href="screenshots/iltalehti.png"&gt;&lt;img src="screenshots/iltalehti.png" width="800px"&gt;&lt;/a&gt;</msg>
<status status="PASS" starttime="20230530 14:20:42.317" endtime="20230530 14:20:42.721"/>
</kw>
<kw name="Close Browser" library="SeleniumLibrary">
<doc>Closes the current browser.</doc>
<status status="PASS" starttime="20230530 14:20:42.722" endtime="20230530 14:20:45.006"/>
</kw>
<status status="PASS" starttime="20230530 14:20:36.354" endtime="20230530 14:20:45.006"/>
</kw>
<status status="PASS" starttime="20230530 14:20:36.354" endtime="20230530 14:20:45.006"/>
</kw>
<status status="PASS" starttime="20230530 14:20:36.352" endtime="20230530 14:20:45.006"/>
</iter>
<status status="PASS" starttime="20230530 14:18:01.590" endtime="20230530 14:20:45.006"/>
</for>
<status status="PASS" starttime="20230530 14:18:01.279" endtime="20230530 14:20:45.007"/>
</test>
<kw name="Disconnect From Database" library="DatabaseLibrary" type="TEARDOWN">
<doc>Disconnects from the database.</doc>
<msg timestamp="20230530 14:20:45.009" level="INFO">Executing : Disconnect From Database</msg>
<status status="PASS" starttime="20230530 14:20:45.009" endtime="20230530 14:20:45.010"/>
</kw>
<status status="PASS" starttime="20230530 14:18:00.090" endtime="20230530 14:20:45.010"/>
</suite>
<statistics>
<total>
<stat pass="1" fail="0" skip="0">All Tests</stat>
</total>
<tag>
</tag>
<suite>
<stat pass="1" fail="0" skip="0" id="s1" name="updateScreenshots">updateScreenshots</stat>
</suite>
</statistics>
<errors>
</errors>
</robot>
