<?xml version="1.0" encoding="UTF-8"?>
<robot generator="Robot 6.0.2 (Python 3.11.2 on win32)" generated="20230426 16:31:57.570" rpa="false" schemaversion="3">
<suite id="s1" name="updateScreenshots" source="C:\Users\AarniSeppänen\Documents\GitHub\web-collections\client\robots\updateScreenshots.robot">
<kw name="Connect To Database" library="DatabaseLibrary" type="SETUP">
<arg>pymysql</arg>
<arg>${DB_NAME}</arg>
<arg>${DB_USERNAME}</arg>
<arg>${DB_PASSWORD}</arg>
<arg>${DB_HOST}</arg>
<arg>${DB_PORT}</arg>
<doc>Loads the DB API 2.0 module given `dbapiModuleName` then uses it to
connect to the database using `dbName`, `dbUsername`, and `dbPassword`.</doc>
<msg timestamp="20230426 16:31:57.751" level="INFO">Connecting using : pymysql.connect(db=web_collections, user=admin, passwd=Librarian123, host=localhost, port=3306, charset=None) </msg>
<status status="PASS" starttime="20230426 16:31:57.734" endtime="20230426 16:31:57.777"/>
</kw>
<test id="s1-t1" name="Get Websites" line="18">
<kw name="Query" library="DatabaseLibrary">
<var>${websites}</var>
<arg>SELECT url FROM website;</arg>
<doc>Uses the input `selectStatement` to query for the values that will be returned as a list of tuples. Set optional
input `sansTran` to True to run command without an explicit transaction commit or rollback.
Set optional input `returnAsDict` to True to return values as a list of dictionaries.</doc>
<msg timestamp="20230426 16:31:57.778" level="INFO">Executing : Query  |  SELECT url FROM website; </msg>
<msg timestamp="20230426 16:31:57.780" level="INFO">${websites} = (('https://www.facebook.com',), ('https://www.twitter.com',), ('https://www.linkedin.com',), ('https://www.hs.fi',), ('https://www.yle.fi',), ('https://www.iltasanomat.fi',), ('https://www.imdb.com',)...</msg>
<status status="PASS" starttime="20230426 16:31:57.778" endtime="20230426 16:31:57.780"/>
</kw>
<for flavor="IN">
<var>${website}</var>
<value>@{websites}</value>
<iter>
<var name="${website}">('https://www.facebook.com',)</var>
<kw name="Set Variable" library="BuiltIn">
<var>${url}</var>
<arg>${website[0]}</arg>
<doc>Returns the given values which can then be assigned to a variables.</doc>
<msg timestamp="20230426 16:31:57.781" level="INFO">${url} = https://www.facebook.com</msg>
<status status="PASS" starttime="20230426 16:31:57.780" endtime="20230426 16:31:57.781"/>
</kw>
<kw name="Set Variable" library="BuiltIn">
<var>${filename}</var>
<arg>${url.split('//')[1].replace('www.', '').split('.')[0]}</arg>
<doc>Returns the given values which can then be assigned to a variables.</doc>
<msg timestamp="20230426 16:31:57.781" level="INFO">${filename} = facebook</msg>
<status status="PASS" starttime="20230426 16:31:57.781" endtime="20230426 16:31:57.781"/>
</kw>
<kw name="Run Keyword And Ignore Error" library="BuiltIn">
<arg>Take Screenshot</arg>
<arg>${url}</arg>
<arg>${filename}</arg>
<doc>Runs the given keyword with the given arguments and ignores possible error.</doc>
<kw name="Take Screenshot" library="takeScreenshot">
<arg>${url}</arg>
<arg>${filename}</arg>
<kw name="Set Variable" library="BuiltIn">
<var>${image_name}</var>
<arg>screenshots/${filename}.png</arg>
<doc>Returns the given values which can then be assigned to a variables.</doc>
<msg timestamp="20230426 16:31:57.781" level="INFO">${image_name} = screenshots/facebook.png</msg>
<status status="PASS" starttime="20230426 16:31:57.781" endtime="20230426 16:31:57.781"/>
</kw>
<kw name="Open Browser" library="SeleniumLibrary">
<arg>${url}</arg>
<arg>${BROWSER}</arg>
<doc>Opens a new browser instance to the optional ``url``.</doc>
<msg timestamp="20230426 16:31:57.782" level="INFO">Opening browser 'chrome' to base url 'https://www.facebook.com'.</msg>
<status status="PASS" starttime="20230426 16:31:57.781" endtime="20230426 16:32:00.098"/>
</kw>
<kw name="Maximize Browser Window" library="SeleniumLibrary">
<doc>Maximizes current browser window.</doc>
<status status="PASS" starttime="20230426 16:32:00.098" endtime="20230426 16:32:00.225"/>
</kw>
<kw name="Sleep" library="BuiltIn">
<arg>${DELAY}</arg>
<doc>Pauses the test executed for the given time.</doc>
<msg timestamp="20230426 16:32:03.226" level="INFO">Slept 3 seconds</msg>
<status status="PASS" starttime="20230426 16:32:00.225" endtime="20230426 16:32:03.226"/>
</kw>
<kw name="Capture Page Screenshot" library="SeleniumLibrary">
<arg>${image_name}</arg>
<doc>Takes a screenshot of the current page and embeds it into a log file.</doc>
<msg timestamp="20230426 16:32:03.314" level="INFO" html="true">&lt;/td&gt;&lt;/tr&gt;&lt;tr&gt;&lt;td colspan="3"&gt;&lt;a href="screenshots/facebook.png"&gt;&lt;img src="screenshots/facebook.png" width="800px"&gt;&lt;/a&gt;</msg>
<status status="PASS" starttime="20230426 16:32:03.227" endtime="20230426 16:32:03.316"/>
</kw>
<kw name="Close Browser" library="SeleniumLibrary">
<doc>Closes the current browser.</doc>
<status status="PASS" starttime="20230426 16:32:03.316" endtime="20230426 16:32:05.436"/>
</kw>
<status status="PASS" starttime="20230426 16:31:57.781" endtime="20230426 16:32:05.436"/>
</kw>
<status status="PASS" starttime="20230426 16:31:57.781" endtime="20230426 16:32:05.436"/>
</kw>
<status status="PASS" starttime="20230426 16:31:57.780" endtime="20230426 16:32:05.436"/>
</iter>
<iter>
<var name="${website}">('https://www.twitter.com',)</var>
<kw name="Set Variable" library="BuiltIn">
<var>${url}</var>
<arg>${website[0]}</arg>
<doc>Returns the given values which can then be assigned to a variables.</doc>
<msg timestamp="20230426 16:32:05.437" level="INFO">${url} = https://www.twitter.com</msg>
<status status="PASS" starttime="20230426 16:32:05.437" endtime="20230426 16:32:05.438"/>
</kw>
<kw name="Set Variable" library="BuiltIn">
<var>${filename}</var>
<arg>${url.split('//')[1].replace('www.', '').split('.')[0]}</arg>
<doc>Returns the given values which can then be assigned to a variables.</doc>
<msg timestamp="20230426 16:32:05.438" level="INFO">${filename} = twitter</msg>
<status status="PASS" starttime="20230426 16:32:05.438" endtime="20230426 16:32:05.438"/>
</kw>
<kw name="Run Keyword And Ignore Error" library="BuiltIn">
<arg>Take Screenshot</arg>
<arg>${url}</arg>
<arg>${filename}</arg>
<doc>Runs the given keyword with the given arguments and ignores possible error.</doc>
<kw name="Take Screenshot" library="takeScreenshot">
<arg>${url}</arg>
<arg>${filename}</arg>
<kw name="Set Variable" library="BuiltIn">
<var>${image_name}</var>
<arg>screenshots/${filename}.png</arg>
<doc>Returns the given values which can then be assigned to a variables.</doc>
<msg timestamp="20230426 16:32:05.438" level="INFO">${image_name} = screenshots/twitter.png</msg>
<status status="PASS" starttime="20230426 16:32:05.438" endtime="20230426 16:32:05.438"/>
</kw>
<kw name="Open Browser" library="SeleniumLibrary">
<arg>${url}</arg>
<arg>${BROWSER}</arg>
<doc>Opens a new browser instance to the optional ``url``.</doc>
<msg timestamp="20230426 16:32:05.440" level="INFO">Opening browser 'chrome' to base url 'https://www.twitter.com'.</msg>
<status status="PASS" starttime="20230426 16:32:05.438" endtime="20230426 16:32:08.308"/>
</kw>
<kw name="Maximize Browser Window" library="SeleniumLibrary">
<doc>Maximizes current browser window.</doc>
<status status="PASS" starttime="20230426 16:32:08.308" endtime="20230426 16:32:08.435"/>
</kw>
<kw name="Sleep" library="BuiltIn">
<arg>${DELAY}</arg>
<doc>Pauses the test executed for the given time.</doc>
<msg timestamp="20230426 16:32:11.435" level="INFO">Slept 3 seconds</msg>
<status status="PASS" starttime="20230426 16:32:08.435" endtime="20230426 16:32:11.435"/>
</kw>
<kw name="Capture Page Screenshot" library="SeleniumLibrary">
<arg>${image_name}</arg>
<doc>Takes a screenshot of the current page and embeds it into a log file.</doc>
<msg timestamp="20230426 16:32:11.656" level="INFO" html="true">&lt;/td&gt;&lt;/tr&gt;&lt;tr&gt;&lt;td colspan="3"&gt;&lt;a href="screenshots/twitter.png"&gt;&lt;img src="screenshots/twitter.png" width="800px"&gt;&lt;/a&gt;</msg>
<status status="PASS" starttime="20230426 16:32:11.435" endtime="20230426 16:32:11.656"/>
</kw>
<kw name="Close Browser" library="SeleniumLibrary">
<doc>Closes the current browser.</doc>
<status status="PASS" starttime="20230426 16:32:11.656" endtime="20230426 16:32:13.818"/>
</kw>
<status status="PASS" starttime="20230426 16:32:05.438" endtime="20230426 16:32:13.820"/>
</kw>
<status status="PASS" starttime="20230426 16:32:05.438" endtime="20230426 16:32:13.820"/>
</kw>
<status status="PASS" starttime="20230426 16:32:05.437" endtime="20230426 16:32:13.820"/>
</iter>
<iter>
<var name="${website}">('https://www.linkedin.com',)</var>
<kw name="Set Variable" library="BuiltIn">
<var>${url}</var>
<arg>${website[0]}</arg>
<doc>Returns the given values which can then be assigned to a variables.</doc>
<msg timestamp="20230426 16:32:13.822" level="INFO">${url} = https://www.linkedin.com</msg>
<status status="PASS" starttime="20230426 16:32:13.820" endtime="20230426 16:32:13.822"/>
</kw>
<kw name="Set Variable" library="BuiltIn">
<var>${filename}</var>
<arg>${url.split('//')[1].replace('www.', '').split('.')[0]}</arg>
<doc>Returns the given values which can then be assigned to a variables.</doc>
<msg timestamp="20230426 16:32:13.823" level="INFO">${filename} = linkedin</msg>
<status status="PASS" starttime="20230426 16:32:13.822" endtime="20230426 16:32:13.823"/>
</kw>
<kw name="Run Keyword And Ignore Error" library="BuiltIn">
<arg>Take Screenshot</arg>
<arg>${url}</arg>
<arg>${filename}</arg>
<doc>Runs the given keyword with the given arguments and ignores possible error.</doc>
<kw name="Take Screenshot" library="takeScreenshot">
<arg>${url}</arg>
<arg>${filename}</arg>
<kw name="Set Variable" library="BuiltIn">
<var>${image_name}</var>
<arg>screenshots/${filename}.png</arg>
<doc>Returns the given values which can then be assigned to a variables.</doc>
<msg timestamp="20230426 16:32:13.824" level="INFO">${image_name} = screenshots/linkedin.png</msg>
<status status="PASS" starttime="20230426 16:32:13.823" endtime="20230426 16:32:13.824"/>
</kw>
<kw name="Open Browser" library="SeleniumLibrary">
<arg>${url}</arg>
<arg>${BROWSER}</arg>
<doc>Opens a new browser instance to the optional ``url``.</doc>
<msg timestamp="20230426 16:32:13.824" level="INFO">Opening browser 'chrome' to base url 'https://www.linkedin.com'.</msg>
<status status="PASS" starttime="20230426 16:32:13.824" endtime="20230426 16:32:16.498"/>
</kw>
<kw name="Maximize Browser Window" library="SeleniumLibrary">
<doc>Maximizes current browser window.</doc>
<status status="PASS" starttime="20230426 16:32:16.498" endtime="20230426 16:32:16.643"/>
</kw>
<kw name="Sleep" library="BuiltIn">
<arg>${DELAY}</arg>
<doc>Pauses the test executed for the given time.</doc>
<msg timestamp="20230426 16:32:19.643" level="INFO">Slept 3 seconds</msg>
<status status="PASS" starttime="20230426 16:32:16.643" endtime="20230426 16:32:19.643"/>
</kw>
<kw name="Capture Page Screenshot" library="SeleniumLibrary">
<arg>${image_name}</arg>
<doc>Takes a screenshot of the current page and embeds it into a log file.</doc>
<msg timestamp="20230426 16:32:19.755" level="INFO" html="true">&lt;/td&gt;&lt;/tr&gt;&lt;tr&gt;&lt;td colspan="3"&gt;&lt;a href="screenshots/linkedin.png"&gt;&lt;img src="screenshots/linkedin.png" width="800px"&gt;&lt;/a&gt;</msg>
<status status="PASS" starttime="20230426 16:32:19.643" endtime="20230426 16:32:19.755"/>
</kw>
<kw name="Close Browser" library="SeleniumLibrary">
<doc>Closes the current browser.</doc>
<status status="PASS" starttime="20230426 16:32:19.756" endtime="20230426 16:32:21.887"/>
</kw>
<status status="PASS" starttime="20230426 16:32:13.823" endtime="20230426 16:32:21.887"/>
</kw>
<status status="PASS" starttime="20230426 16:32:13.823" endtime="20230426 16:32:21.887"/>
</kw>
<status status="PASS" starttime="20230426 16:32:13.820" endtime="20230426 16:32:21.887"/>
</iter>
<iter>
<var name="${website}">('https://www.hs.fi',)</var>
<kw name="Set Variable" library="BuiltIn">
<var>${url}</var>
<arg>${website[0]}</arg>
<doc>Returns the given values which can then be assigned to a variables.</doc>
<msg timestamp="20230426 16:32:21.887" level="INFO">${url} = https://www.hs.fi</msg>
<status status="PASS" starttime="20230426 16:32:21.887" endtime="20230426 16:32:21.887"/>
</kw>
<kw name="Set Variable" library="BuiltIn">
<var>${filename}</var>
<arg>${url.split('//')[1].replace('www.', '').split('.')[0]}</arg>
<doc>Returns the given values which can then be assigned to a variables.</doc>
<msg timestamp="20230426 16:32:21.887" level="INFO">${filename} = hs</msg>
<status status="PASS" starttime="20230426 16:32:21.887" endtime="20230426 16:32:21.887"/>
</kw>
<kw name="Run Keyword And Ignore Error" library="BuiltIn">
<arg>Take Screenshot</arg>
<arg>${url}</arg>
<arg>${filename}</arg>
<doc>Runs the given keyword with the given arguments and ignores possible error.</doc>
<kw name="Take Screenshot" library="takeScreenshot">
<arg>${url}</arg>
<arg>${filename}</arg>
<kw name="Set Variable" library="BuiltIn">
<var>${image_name}</var>
<arg>screenshots/${filename}.png</arg>
<doc>Returns the given values which can then be assigned to a variables.</doc>
<msg timestamp="20230426 16:32:21.891" level="INFO">${image_name} = screenshots/hs.png</msg>
<status status="PASS" starttime="20230426 16:32:21.891" endtime="20230426 16:32:21.891"/>
</kw>
<kw name="Open Browser" library="SeleniumLibrary">
<arg>${url}</arg>
<arg>${BROWSER}</arg>
<doc>Opens a new browser instance to the optional ``url``.</doc>
<msg timestamp="20230426 16:32:21.891" level="INFO">Opening browser 'chrome' to base url 'https://www.hs.fi'.</msg>
<status status="PASS" starttime="20230426 16:32:21.891" endtime="20230426 16:32:24.542"/>
</kw>
<kw name="Maximize Browser Window" library="SeleniumLibrary">
<doc>Maximizes current browser window.</doc>
<status status="PASS" starttime="20230426 16:32:24.542" endtime="20230426 16:32:24.693"/>
</kw>
<kw name="Sleep" library="BuiltIn">
<arg>${DELAY}</arg>
<doc>Pauses the test executed for the given time.</doc>
<msg timestamp="20230426 16:32:27.693" level="INFO">Slept 3 seconds</msg>
<status status="PASS" starttime="20230426 16:32:24.693" endtime="20230426 16:32:27.693"/>
</kw>
<kw name="Capture Page Screenshot" library="SeleniumLibrary">
<arg>${image_name}</arg>
<doc>Takes a screenshot of the current page and embeds it into a log file.</doc>
<msg timestamp="20230426 16:32:27.829" level="INFO" html="true">&lt;/td&gt;&lt;/tr&gt;&lt;tr&gt;&lt;td colspan="3"&gt;&lt;a href="screenshots/hs.png"&gt;&lt;img src="screenshots/hs.png" width="800px"&gt;&lt;/a&gt;</msg>
<status status="PASS" starttime="20230426 16:32:27.693" endtime="20230426 16:32:27.830"/>
</kw>
<kw name="Close Browser" library="SeleniumLibrary">
<doc>Closes the current browser.</doc>
<status status="PASS" starttime="20230426 16:32:27.830" endtime="20230426 16:32:30.029"/>
</kw>
<status status="PASS" starttime="20230426 16:32:21.887" endtime="20230426 16:32:30.029"/>
</kw>
<status status="PASS" starttime="20230426 16:32:21.887" endtime="20230426 16:32:30.029"/>
</kw>
<status status="PASS" starttime="20230426 16:32:21.887" endtime="20230426 16:32:30.029"/>
</iter>
<iter>
<var name="${website}">('https://www.yle.fi',)</var>
<kw name="Set Variable" library="BuiltIn">
<var>${url}</var>
<arg>${website[0]}</arg>
<doc>Returns the given values which can then be assigned to a variables.</doc>
<msg timestamp="20230426 16:32:30.031" level="INFO">${url} = https://www.yle.fi</msg>
<status status="PASS" starttime="20230426 16:32:30.029" endtime="20230426 16:32:30.031"/>
</kw>
<kw name="Set Variable" library="BuiltIn">
<var>${filename}</var>
<arg>${url.split('//')[1].replace('www.', '').split('.')[0]}</arg>
<doc>Returns the given values which can then be assigned to a variables.</doc>
<msg timestamp="20230426 16:32:30.031" level="INFO">${filename} = yle</msg>
<status status="PASS" starttime="20230426 16:32:30.031" endtime="20230426 16:32:30.031"/>
</kw>
<kw name="Run Keyword And Ignore Error" library="BuiltIn">
<arg>Take Screenshot</arg>
<arg>${url}</arg>
<arg>${filename}</arg>
<doc>Runs the given keyword with the given arguments and ignores possible error.</doc>
<kw name="Take Screenshot" library="takeScreenshot">
<arg>${url}</arg>
<arg>${filename}</arg>
<kw name="Set Variable" library="BuiltIn">
<var>${image_name}</var>
<arg>screenshots/${filename}.png</arg>
<doc>Returns the given values which can then be assigned to a variables.</doc>
<msg timestamp="20230426 16:32:30.031" level="INFO">${image_name} = screenshots/yle.png</msg>
<status status="PASS" starttime="20230426 16:32:30.031" endtime="20230426 16:32:30.031"/>
</kw>
<kw name="Open Browser" library="SeleniumLibrary">
<arg>${url}</arg>
<arg>${BROWSER}</arg>
<doc>Opens a new browser instance to the optional ``url``.</doc>
<msg timestamp="20230426 16:32:30.031" level="INFO">Opening browser 'chrome' to base url 'https://www.yle.fi'.</msg>
<status status="PASS" starttime="20230426 16:32:30.031" endtime="20230426 16:32:33.810"/>
</kw>
<kw name="Maximize Browser Window" library="SeleniumLibrary">
<doc>Maximizes current browser window.</doc>
<status status="PASS" starttime="20230426 16:32:33.810" endtime="20230426 16:32:33.963"/>
</kw>
<kw name="Sleep" library="BuiltIn">
<arg>${DELAY}</arg>
<doc>Pauses the test executed for the given time.</doc>
<msg timestamp="20230426 16:32:36.963" level="INFO">Slept 3 seconds</msg>
<status status="PASS" starttime="20230426 16:32:33.963" endtime="20230426 16:32:36.963"/>
</kw>
<kw name="Capture Page Screenshot" library="SeleniumLibrary">
<arg>${image_name}</arg>
<doc>Takes a screenshot of the current page and embeds it into a log file.</doc>
<msg timestamp="20230426 16:32:37.210" level="INFO" html="true">&lt;/td&gt;&lt;/tr&gt;&lt;tr&gt;&lt;td colspan="3"&gt;&lt;a href="screenshots/yle.png"&gt;&lt;img src="screenshots/yle.png" width="800px"&gt;&lt;/a&gt;</msg>
<status status="PASS" starttime="20230426 16:32:36.963" endtime="20230426 16:32:37.210"/>
</kw>
<kw name="Close Browser" library="SeleniumLibrary">
<doc>Closes the current browser.</doc>
<status status="PASS" starttime="20230426 16:32:37.210" endtime="20230426 16:32:39.363"/>
</kw>
<status status="PASS" starttime="20230426 16:32:30.031" endtime="20230426 16:32:39.363"/>
</kw>
<status status="PASS" starttime="20230426 16:32:30.031" endtime="20230426 16:32:39.363"/>
</kw>
<status status="PASS" starttime="20230426 16:32:30.029" endtime="20230426 16:32:39.363"/>
</iter>
<iter>
<var name="${website}">('https://www.iltasanomat.fi',)</var>
<kw name="Set Variable" library="BuiltIn">
<var>${url}</var>
<arg>${website[0]}</arg>
<doc>Returns the given values which can then be assigned to a variables.</doc>
<msg timestamp="20230426 16:32:39.365" level="INFO">${url} = https://www.iltasanomat.fi</msg>
<status status="PASS" starttime="20230426 16:32:39.364" endtime="20230426 16:32:39.365"/>
</kw>
<kw name="Set Variable" library="BuiltIn">
<var>${filename}</var>
<arg>${url.split('//')[1].replace('www.', '').split('.')[0]}</arg>
<doc>Returns the given values which can then be assigned to a variables.</doc>
<msg timestamp="20230426 16:32:39.366" level="INFO">${filename} = iltasanomat</msg>
<status status="PASS" starttime="20230426 16:32:39.365" endtime="20230426 16:32:39.366"/>
</kw>
<kw name="Run Keyword And Ignore Error" library="BuiltIn">
<arg>Take Screenshot</arg>
<arg>${url}</arg>
<arg>${filename}</arg>
<doc>Runs the given keyword with the given arguments and ignores possible error.</doc>
<kw name="Take Screenshot" library="takeScreenshot">
<arg>${url}</arg>
<arg>${filename}</arg>
<kw name="Set Variable" library="BuiltIn">
<var>${image_name}</var>
<arg>screenshots/${filename}.png</arg>
<doc>Returns the given values which can then be assigned to a variables.</doc>
<msg timestamp="20230426 16:32:39.367" level="INFO">${image_name} = screenshots/iltasanomat.png</msg>
<status status="PASS" starttime="20230426 16:32:39.367" endtime="20230426 16:32:39.367"/>
</kw>
<kw name="Open Browser" library="SeleniumLibrary">
<arg>${url}</arg>
<arg>${BROWSER}</arg>
<doc>Opens a new browser instance to the optional ``url``.</doc>
<msg timestamp="20230426 16:32:39.368" level="INFO">Opening browser 'chrome' to base url 'https://www.iltasanomat.fi'.</msg>
<status status="PASS" starttime="20230426 16:32:39.367" endtime="20230426 16:32:42.325"/>
</kw>
<kw name="Maximize Browser Window" library="SeleniumLibrary">
<doc>Maximizes current browser window.</doc>
<status status="PASS" starttime="20230426 16:32:42.325" endtime="20230426 16:32:42.455"/>
</kw>
<kw name="Sleep" library="BuiltIn">
<arg>${DELAY}</arg>
<doc>Pauses the test executed for the given time.</doc>
<msg timestamp="20230426 16:32:45.455" level="INFO">Slept 3 seconds</msg>
<status status="PASS" starttime="20230426 16:32:42.455" endtime="20230426 16:32:45.455"/>
</kw>
<kw name="Capture Page Screenshot" library="SeleniumLibrary">
<arg>${image_name}</arg>
<doc>Takes a screenshot of the current page and embeds it into a log file.</doc>
<msg timestamp="20230426 16:32:45.896" level="INFO" html="true">&lt;/td&gt;&lt;/tr&gt;&lt;tr&gt;&lt;td colspan="3"&gt;&lt;a href="screenshots/iltasanomat.png"&gt;&lt;img src="screenshots/iltasanomat.png" width="800px"&gt;&lt;/a&gt;</msg>
<status status="PASS" starttime="20230426 16:32:45.455" endtime="20230426 16:32:45.897"/>
</kw>
<kw name="Close Browser" library="SeleniumLibrary">
<doc>Closes the current browser.</doc>
<status status="PASS" starttime="20230426 16:32:45.897" endtime="20230426 16:32:48.011"/>
</kw>
<status status="PASS" starttime="20230426 16:32:39.366" endtime="20230426 16:32:48.011"/>
</kw>
<status status="PASS" starttime="20230426 16:32:39.366" endtime="20230426 16:32:48.011"/>
</kw>
<status status="PASS" starttime="20230426 16:32:39.364" endtime="20230426 16:32:48.011"/>
</iter>
<iter>
<var name="${website}">('https://www.imdb.com',)</var>
<kw name="Set Variable" library="BuiltIn">
<var>${url}</var>
<arg>${website[0]}</arg>
<doc>Returns the given values which can then be assigned to a variables.</doc>
<msg timestamp="20230426 16:32:48.011" level="INFO">${url} = https://www.imdb.com</msg>
<status status="PASS" starttime="20230426 16:32:48.011" endtime="20230426 16:32:48.011"/>
</kw>
<kw name="Set Variable" library="BuiltIn">
<var>${filename}</var>
<arg>${url.split('//')[1].replace('www.', '').split('.')[0]}</arg>
<doc>Returns the given values which can then be assigned to a variables.</doc>
<msg timestamp="20230426 16:32:48.016" level="INFO">${filename} = imdb</msg>
<status status="PASS" starttime="20230426 16:32:48.011" endtime="20230426 16:32:48.016"/>
</kw>
<kw name="Run Keyword And Ignore Error" library="BuiltIn">
<arg>Take Screenshot</arg>
<arg>${url}</arg>
<arg>${filename}</arg>
<doc>Runs the given keyword with the given arguments and ignores possible error.</doc>
<kw name="Take Screenshot" library="takeScreenshot">
<arg>${url}</arg>
<arg>${filename}</arg>
<kw name="Set Variable" library="BuiltIn">
<var>${image_name}</var>
<arg>screenshots/${filename}.png</arg>
<doc>Returns the given values which can then be assigned to a variables.</doc>
<msg timestamp="20230426 16:32:48.016" level="INFO">${image_name} = screenshots/imdb.png</msg>
<status status="PASS" starttime="20230426 16:32:48.016" endtime="20230426 16:32:48.016"/>
</kw>
<kw name="Open Browser" library="SeleniumLibrary">
<arg>${url}</arg>
<arg>${BROWSER}</arg>
<doc>Opens a new browser instance to the optional ``url``.</doc>
<msg timestamp="20230426 16:32:48.016" level="INFO">Opening browser 'chrome' to base url 'https://www.imdb.com'.</msg>
<status status="PASS" starttime="20230426 16:32:48.016" endtime="20230426 16:32:51.757"/>
</kw>
<kw name="Maximize Browser Window" library="SeleniumLibrary">
<doc>Maximizes current browser window.</doc>
<status status="PASS" starttime="20230426 16:32:51.757" endtime="20230426 16:32:51.890"/>
</kw>
<kw name="Sleep" library="BuiltIn">
<arg>${DELAY}</arg>
<doc>Pauses the test executed for the given time.</doc>
<msg timestamp="20230426 16:32:54.890" level="INFO">Slept 3 seconds</msg>
<status status="PASS" starttime="20230426 16:32:51.890" endtime="20230426 16:32:54.890"/>
</kw>
<kw name="Capture Page Screenshot" library="SeleniumLibrary">
<arg>${image_name}</arg>
<doc>Takes a screenshot of the current page and embeds it into a log file.</doc>
<msg timestamp="20230426 16:32:55.240" level="INFO" html="true">&lt;/td&gt;&lt;/tr&gt;&lt;tr&gt;&lt;td colspan="3"&gt;&lt;a href="screenshots/imdb.png"&gt;&lt;img src="screenshots/imdb.png" width="800px"&gt;&lt;/a&gt;</msg>
<status status="PASS" starttime="20230426 16:32:54.890" endtime="20230426 16:32:55.240"/>
</kw>
<kw name="Close Browser" library="SeleniumLibrary">
<doc>Closes the current browser.</doc>
<status status="PASS" starttime="20230426 16:32:55.240" endtime="20230426 16:32:57.357"/>
</kw>
<status status="PASS" starttime="20230426 16:32:48.016" endtime="20230426 16:32:57.357"/>
</kw>
<status status="PASS" starttime="20230426 16:32:48.016" endtime="20230426 16:32:57.357"/>
</kw>
<status status="PASS" starttime="20230426 16:32:48.011" endtime="20230426 16:32:57.357"/>
</iter>
<iter>
<var name="${website}">('https://variety.com',)</var>
<kw name="Set Variable" library="BuiltIn">
<var>${url}</var>
<arg>${website[0]}</arg>
<doc>Returns the given values which can then be assigned to a variables.</doc>
<msg timestamp="20230426 16:32:57.360" level="INFO">${url} = https://variety.com</msg>
<status status="PASS" starttime="20230426 16:32:57.359" endtime="20230426 16:32:57.360"/>
</kw>
<kw name="Set Variable" library="BuiltIn">
<var>${filename}</var>
<arg>${url.split('//')[1].replace('www.', '').split('.')[0]}</arg>
<doc>Returns the given values which can then be assigned to a variables.</doc>
<msg timestamp="20230426 16:32:57.360" level="INFO">${filename} = variety</msg>
<status status="PASS" starttime="20230426 16:32:57.360" endtime="20230426 16:32:57.360"/>
</kw>
<kw name="Run Keyword And Ignore Error" library="BuiltIn">
<arg>Take Screenshot</arg>
<arg>${url}</arg>
<arg>${filename}</arg>
<doc>Runs the given keyword with the given arguments and ignores possible error.</doc>
<kw name="Take Screenshot" library="takeScreenshot">
<arg>${url}</arg>
<arg>${filename}</arg>
<kw name="Set Variable" library="BuiltIn">
<var>${image_name}</var>
<arg>screenshots/${filename}.png</arg>
<doc>Returns the given values which can then be assigned to a variables.</doc>
<msg timestamp="20230426 16:32:57.360" level="INFO">${image_name} = screenshots/variety.png</msg>
<status status="PASS" starttime="20230426 16:32:57.360" endtime="20230426 16:32:57.360"/>
</kw>
<kw name="Open Browser" library="SeleniumLibrary">
<arg>${url}</arg>
<arg>${BROWSER}</arg>
<doc>Opens a new browser instance to the optional ``url``.</doc>
<msg timestamp="20230426 16:32:57.360" level="INFO">Opening browser 'chrome' to base url 'https://variety.com'.</msg>
<status status="PASS" starttime="20230426 16:32:57.360" endtime="20230426 16:33:01.319"/>
</kw>
<kw name="Maximize Browser Window" library="SeleniumLibrary">
<doc>Maximizes current browser window.</doc>
<status status="PASS" starttime="20230426 16:33:01.320" endtime="20230426 16:33:01.465"/>
</kw>
<kw name="Sleep" library="BuiltIn">
<arg>${DELAY}</arg>
<doc>Pauses the test executed for the given time.</doc>
<msg timestamp="20230426 16:33:04.465" level="INFO">Slept 3 seconds</msg>
<status status="PASS" starttime="20230426 16:33:01.465" endtime="20230426 16:33:04.465"/>
</kw>
<kw name="Capture Page Screenshot" library="SeleniumLibrary">
<arg>${image_name}</arg>
<doc>Takes a screenshot of the current page and embeds it into a log file.</doc>
<msg timestamp="20230426 16:33:04.738" level="INFO" html="true">&lt;/td&gt;&lt;/tr&gt;&lt;tr&gt;&lt;td colspan="3"&gt;&lt;a href="screenshots/variety.png"&gt;&lt;img src="screenshots/variety.png" width="800px"&gt;&lt;/a&gt;</msg>
<status status="PASS" starttime="20230426 16:33:04.465" endtime="20230426 16:33:04.738"/>
</kw>
<kw name="Close Browser" library="SeleniumLibrary">
<doc>Closes the current browser.</doc>
<status status="PASS" starttime="20230426 16:33:04.738" endtime="20230426 16:33:06.868"/>
</kw>
<status status="PASS" starttime="20230426 16:32:57.360" endtime="20230426 16:33:06.868"/>
</kw>
<status status="PASS" starttime="20230426 16:32:57.360" endtime="20230426 16:33:06.868"/>
</kw>
<status status="PASS" starttime="20230426 16:32:57.357" endtime="20230426 16:33:06.868"/>
</iter>
<iter>
<var name="${website}">('https://www.eonline.com',)</var>
<kw name="Set Variable" library="BuiltIn">
<var>${url}</var>
<arg>${website[0]}</arg>
<doc>Returns the given values which can then be assigned to a variables.</doc>
<msg timestamp="20230426 16:33:06.868" level="INFO">${url} = https://www.eonline.com</msg>
<status status="PASS" starttime="20230426 16:33:06.868" endtime="20230426 16:33:06.868"/>
</kw>
<kw name="Set Variable" library="BuiltIn">
<var>${filename}</var>
<arg>${url.split('//')[1].replace('www.', '').split('.')[0]}</arg>
<doc>Returns the given values which can then be assigned to a variables.</doc>
<msg timestamp="20230426 16:33:06.871" level="INFO">${filename} = eonline</msg>
<status status="PASS" starttime="20230426 16:33:06.868" endtime="20230426 16:33:06.871"/>
</kw>
<kw name="Run Keyword And Ignore Error" library="BuiltIn">
<arg>Take Screenshot</arg>
<arg>${url}</arg>
<arg>${filename}</arg>
<doc>Runs the given keyword with the given arguments and ignores possible error.</doc>
<kw name="Take Screenshot" library="takeScreenshot">
<arg>${url}</arg>
<arg>${filename}</arg>
<kw name="Set Variable" library="BuiltIn">
<var>${image_name}</var>
<arg>screenshots/${filename}.png</arg>
<doc>Returns the given values which can then be assigned to a variables.</doc>
<msg timestamp="20230426 16:33:06.871" level="INFO">${image_name} = screenshots/eonline.png</msg>
<status status="PASS" starttime="20230426 16:33:06.871" endtime="20230426 16:33:06.871"/>
</kw>
<kw name="Open Browser" library="SeleniumLibrary">
<arg>${url}</arg>
<arg>${BROWSER}</arg>
<doc>Opens a new browser instance to the optional ``url``.</doc>
<msg timestamp="20230426 16:33:06.871" level="INFO">Opening browser 'chrome' to base url 'https://www.eonline.com'.</msg>
<status status="PASS" starttime="20230426 16:33:06.871" endtime="20230426 16:33:13.103"/>
</kw>
<kw name="Maximize Browser Window" library="SeleniumLibrary">
<doc>Maximizes current browser window.</doc>
<status status="PASS" starttime="20230426 16:33:13.103" endtime="20230426 16:33:13.266"/>
</kw>
<kw name="Sleep" library="BuiltIn">
<arg>${DELAY}</arg>
<doc>Pauses the test executed for the given time.</doc>
<msg timestamp="20230426 16:33:16.267" level="INFO">Slept 3 seconds</msg>
<status status="PASS" starttime="20230426 16:33:13.266" endtime="20230426 16:33:16.267"/>
</kw>
<kw name="Capture Page Screenshot" library="SeleniumLibrary">
<arg>${image_name}</arg>
<doc>Takes a screenshot of the current page and embeds it into a log file.</doc>
<msg timestamp="20230426 16:33:16.581" level="INFO" html="true">&lt;/td&gt;&lt;/tr&gt;&lt;tr&gt;&lt;td colspan="3"&gt;&lt;a href="screenshots/eonline.png"&gt;&lt;img src="screenshots/eonline.png" width="800px"&gt;&lt;/a&gt;</msg>
<status status="PASS" starttime="20230426 16:33:16.267" endtime="20230426 16:33:16.581"/>
</kw>
<kw name="Close Browser" library="SeleniumLibrary">
<doc>Closes the current browser.</doc>
<status status="PASS" starttime="20230426 16:33:16.581" endtime="20230426 16:33:18.736"/>
</kw>
<status status="PASS" starttime="20230426 16:33:06.871" endtime="20230426 16:33:18.736"/>
</kw>
<status status="PASS" starttime="20230426 16:33:06.871" endtime="20230426 16:33:18.736"/>
</kw>
<status status="PASS" starttime="20230426 16:33:06.868" endtime="20230426 16:33:18.736"/>
</iter>
<iter>
<var name="${website}">('https://www.rollingstone.com',)</var>
<kw name="Set Variable" library="BuiltIn">
<var>${url}</var>
<arg>${website[0]}</arg>
<doc>Returns the given values which can then be assigned to a variables.</doc>
<msg timestamp="20230426 16:33:18.736" level="INFO">${url} = https://www.rollingstone.com</msg>
<status status="PASS" starttime="20230426 16:33:18.736" endtime="20230426 16:33:18.736"/>
</kw>
<kw name="Set Variable" library="BuiltIn">
<var>${filename}</var>
<arg>${url.split('//')[1].replace('www.', '').split('.')[0]}</arg>
<doc>Returns the given values which can then be assigned to a variables.</doc>
<msg timestamp="20230426 16:33:18.736" level="INFO">${filename} = rollingstone</msg>
<status status="PASS" starttime="20230426 16:33:18.736" endtime="20230426 16:33:18.736"/>
</kw>
<kw name="Run Keyword And Ignore Error" library="BuiltIn">
<arg>Take Screenshot</arg>
<arg>${url}</arg>
<arg>${filename}</arg>
<doc>Runs the given keyword with the given arguments and ignores possible error.</doc>
<kw name="Take Screenshot" library="takeScreenshot">
<arg>${url}</arg>
<arg>${filename}</arg>
<kw name="Set Variable" library="BuiltIn">
<var>${image_name}</var>
<arg>screenshots/${filename}.png</arg>
<doc>Returns the given values which can then be assigned to a variables.</doc>
<msg timestamp="20230426 16:33:18.736" level="INFO">${image_name} = screenshots/rollingstone.png</msg>
<status status="PASS" starttime="20230426 16:33:18.736" endtime="20230426 16:33:18.736"/>
</kw>
<kw name="Open Browser" library="SeleniumLibrary">
<arg>${url}</arg>
<arg>${BROWSER}</arg>
<doc>Opens a new browser instance to the optional ``url``.</doc>
<msg timestamp="20230426 16:33:18.741" level="INFO">Opening browser 'chrome' to base url 'https://www.rollingstone.com'.</msg>
<status status="PASS" starttime="20230426 16:33:18.736" endtime="20230426 16:33:22.258"/>
</kw>
<kw name="Maximize Browser Window" library="SeleniumLibrary">
<doc>Maximizes current browser window.</doc>
<status status="PASS" starttime="20230426 16:33:22.258" endtime="20230426 16:33:22.380"/>
</kw>
<kw name="Sleep" library="BuiltIn">
<arg>${DELAY}</arg>
<doc>Pauses the test executed for the given time.</doc>
<msg timestamp="20230426 16:33:25.380" level="INFO">Slept 3 seconds</msg>
<status status="PASS" starttime="20230426 16:33:22.380" endtime="20230426 16:33:25.380"/>
</kw>
<kw name="Capture Page Screenshot" library="SeleniumLibrary">
<arg>${image_name}</arg>
<doc>Takes a screenshot of the current page and embeds it into a log file.</doc>
<msg timestamp="20230426 16:33:25.661" level="INFO" html="true">&lt;/td&gt;&lt;/tr&gt;&lt;tr&gt;&lt;td colspan="3"&gt;&lt;a href="screenshots/rollingstone.png"&gt;&lt;img src="screenshots/rollingstone.png" width="800px"&gt;&lt;/a&gt;</msg>
<status status="PASS" starttime="20230426 16:33:25.380" endtime="20230426 16:33:25.661"/>
</kw>
<kw name="Close Browser" library="SeleniumLibrary">
<doc>Closes the current browser.</doc>
<status status="PASS" starttime="20230426 16:33:25.661" endtime="20230426 16:33:27.793"/>
</kw>
<status status="PASS" starttime="20230426 16:33:18.736" endtime="20230426 16:33:27.793"/>
</kw>
<status status="PASS" starttime="20230426 16:33:18.736" endtime="20230426 16:33:27.793"/>
</kw>
<status status="PASS" starttime="20230426 16:33:18.736" endtime="20230426 16:33:27.793"/>
</iter>
<iter>
<var name="${website}">('https://www.polygon.com',)</var>
<kw name="Set Variable" library="BuiltIn">
<var>${url}</var>
<arg>${website[0]}</arg>
<doc>Returns the given values which can then be assigned to a variables.</doc>
<msg timestamp="20230426 16:33:27.796" level="INFO">${url} = https://www.polygon.com</msg>
<status status="PASS" starttime="20230426 16:33:27.793" endtime="20230426 16:33:27.796"/>
</kw>
<kw name="Set Variable" library="BuiltIn">
<var>${filename}</var>
<arg>${url.split('//')[1].replace('www.', '').split('.')[0]}</arg>
<doc>Returns the given values which can then be assigned to a variables.</doc>
<msg timestamp="20230426 16:33:27.796" level="INFO">${filename} = polygon</msg>
<status status="PASS" starttime="20230426 16:33:27.796" endtime="20230426 16:33:27.796"/>
</kw>
<kw name="Run Keyword And Ignore Error" library="BuiltIn">
<arg>Take Screenshot</arg>
<arg>${url}</arg>
<arg>${filename}</arg>
<doc>Runs the given keyword with the given arguments and ignores possible error.</doc>
<kw name="Take Screenshot" library="takeScreenshot">
<arg>${url}</arg>
<arg>${filename}</arg>
<kw name="Set Variable" library="BuiltIn">
<var>${image_name}</var>
<arg>screenshots/${filename}.png</arg>
<doc>Returns the given values which can then be assigned to a variables.</doc>
<msg timestamp="20230426 16:33:27.796" level="INFO">${image_name} = screenshots/polygon.png</msg>
<status status="PASS" starttime="20230426 16:33:27.796" endtime="20230426 16:33:27.796"/>
</kw>
<kw name="Open Browser" library="SeleniumLibrary">
<arg>${url}</arg>
<arg>${BROWSER}</arg>
<doc>Opens a new browser instance to the optional ``url``.</doc>
<msg timestamp="20230426 16:33:27.796" level="INFO">Opening browser 'chrome' to base url 'https://www.polygon.com'.</msg>
<status status="PASS" starttime="20230426 16:33:27.796" endtime="20230426 16:33:31.241"/>
</kw>
<kw name="Maximize Browser Window" library="SeleniumLibrary">
<doc>Maximizes current browser window.</doc>
<status status="PASS" starttime="20230426 16:33:31.241" endtime="20230426 16:33:31.377"/>
</kw>
<kw name="Sleep" library="BuiltIn">
<arg>${DELAY}</arg>
<doc>Pauses the test executed for the given time.</doc>
<msg timestamp="20230426 16:33:34.377" level="INFO">Slept 3 seconds</msg>
<status status="PASS" starttime="20230426 16:33:31.377" endtime="20230426 16:33:34.377"/>
</kw>
<kw name="Capture Page Screenshot" library="SeleniumLibrary">
<arg>${image_name}</arg>
<doc>Takes a screenshot of the current page and embeds it into a log file.</doc>
<msg timestamp="20230426 16:33:34.896" level="INFO" html="true">&lt;/td&gt;&lt;/tr&gt;&lt;tr&gt;&lt;td colspan="3"&gt;&lt;a href="screenshots/polygon.png"&gt;&lt;img src="screenshots/polygon.png" width="800px"&gt;&lt;/a&gt;</msg>
<status status="PASS" starttime="20230426 16:33:34.377" endtime="20230426 16:33:34.896"/>
</kw>
<kw name="Close Browser" library="SeleniumLibrary">
<doc>Closes the current browser.</doc>
<status status="PASS" starttime="20230426 16:33:34.896" endtime="20230426 16:33:37.010"/>
</kw>
<status status="PASS" starttime="20230426 16:33:27.796" endtime="20230426 16:33:37.012"/>
</kw>
<status status="PASS" starttime="20230426 16:33:27.796" endtime="20230426 16:33:37.012"/>
</kw>
<status status="PASS" starttime="20230426 16:33:27.793" endtime="20230426 16:33:37.012"/>
</iter>
<iter>
<var name="${website}">('https://www.khanacademy.org/',)</var>
<kw name="Set Variable" library="BuiltIn">
<var>${url}</var>
<arg>${website[0]}</arg>
<doc>Returns the given values which can then be assigned to a variables.</doc>
<msg timestamp="20230426 16:33:37.012" level="INFO">${url} = https://www.khanacademy.org/</msg>
<status status="PASS" starttime="20230426 16:33:37.012" endtime="20230426 16:33:37.012"/>
</kw>
<kw name="Set Variable" library="BuiltIn">
<var>${filename}</var>
<arg>${url.split('//')[1].replace('www.', '').split('.')[0]}</arg>
<doc>Returns the given values which can then be assigned to a variables.</doc>
<msg timestamp="20230426 16:33:37.012" level="INFO">${filename} = khanacademy</msg>
<status status="PASS" starttime="20230426 16:33:37.012" endtime="20230426 16:33:37.012"/>
</kw>
<kw name="Run Keyword And Ignore Error" library="BuiltIn">
<arg>Take Screenshot</arg>
<arg>${url}</arg>
<arg>${filename}</arg>
<doc>Runs the given keyword with the given arguments and ignores possible error.</doc>
<kw name="Take Screenshot" library="takeScreenshot">
<arg>${url}</arg>
<arg>${filename}</arg>
<kw name="Set Variable" library="BuiltIn">
<var>${image_name}</var>
<arg>screenshots/${filename}.png</arg>
<doc>Returns the given values which can then be assigned to a variables.</doc>
<msg timestamp="20230426 16:33:37.012" level="INFO">${image_name} = screenshots/khanacademy.png</msg>
<status status="PASS" starttime="20230426 16:33:37.012" endtime="20230426 16:33:37.012"/>
</kw>
<kw name="Open Browser" library="SeleniumLibrary">
<arg>${url}</arg>
<arg>${BROWSER}</arg>
<doc>Opens a new browser instance to the optional ``url``.</doc>
<msg timestamp="20230426 16:33:37.012" level="INFO">Opening browser 'chrome' to base url 'https://www.khanacademy.org/'.</msg>
<status status="PASS" starttime="20230426 16:33:37.012" endtime="20230426 16:33:47.088"/>
</kw>
<kw name="Maximize Browser Window" library="SeleniumLibrary">
<doc>Maximizes current browser window.</doc>
<status status="PASS" starttime="20230426 16:33:47.088" endtime="20230426 16:33:47.209"/>
</kw>
<kw name="Sleep" library="BuiltIn">
<arg>${DELAY}</arg>
<doc>Pauses the test executed for the given time.</doc>
<msg timestamp="20230426 16:33:50.209" level="INFO">Slept 3 seconds</msg>
<status status="PASS" starttime="20230426 16:33:47.209" endtime="20230426 16:33:50.209"/>
</kw>
<kw name="Capture Page Screenshot" library="SeleniumLibrary">
<arg>${image_name}</arg>
<doc>Takes a screenshot of the current page and embeds it into a log file.</doc>
<msg timestamp="20230426 16:33:50.336" level="INFO" html="true">&lt;/td&gt;&lt;/tr&gt;&lt;tr&gt;&lt;td colspan="3"&gt;&lt;a href="screenshots/khanacademy.png"&gt;&lt;img src="screenshots/khanacademy.png" width="800px"&gt;&lt;/a&gt;</msg>
<status status="PASS" starttime="20230426 16:33:50.209" endtime="20230426 16:33:50.336"/>
</kw>
<kw name="Close Browser" library="SeleniumLibrary">
<doc>Closes the current browser.</doc>
<status status="PASS" starttime="20230426 16:33:50.336" endtime="20230426 16:33:52.519"/>
</kw>
<status status="PASS" starttime="20230426 16:33:37.012" endtime="20230426 16:33:52.519"/>
</kw>
<status status="PASS" starttime="20230426 16:33:37.012" endtime="20230426 16:33:52.519"/>
</kw>
<status status="PASS" starttime="20230426 16:33:37.012" endtime="20230426 16:33:52.519"/>
</iter>
<iter>
<var name="${website}">('https://www.coursera.org/',)</var>
<kw name="Set Variable" library="BuiltIn">
<var>${url}</var>
<arg>${website[0]}</arg>
<doc>Returns the given values which can then be assigned to a variables.</doc>
<msg timestamp="20230426 16:33:52.519" level="INFO">${url} = https://www.coursera.org/</msg>
<status status="PASS" starttime="20230426 16:33:52.519" endtime="20230426 16:33:52.519"/>
</kw>
<kw name="Set Variable" library="BuiltIn">
<var>${filename}</var>
<arg>${url.split('//')[1].replace('www.', '').split('.')[0]}</arg>
<doc>Returns the given values which can then be assigned to a variables.</doc>
<msg timestamp="20230426 16:33:52.519" level="INFO">${filename} = coursera</msg>
<status status="PASS" starttime="20230426 16:33:52.519" endtime="20230426 16:33:52.519"/>
</kw>
<kw name="Run Keyword And Ignore Error" library="BuiltIn">
<arg>Take Screenshot</arg>
<arg>${url}</arg>
<arg>${filename}</arg>
<doc>Runs the given keyword with the given arguments and ignores possible error.</doc>
<kw name="Take Screenshot" library="takeScreenshot">
<arg>${url}</arg>
<arg>${filename}</arg>
<kw name="Set Variable" library="BuiltIn">
<var>${image_name}</var>
<arg>screenshots/${filename}.png</arg>
<doc>Returns the given values which can then be assigned to a variables.</doc>
<msg timestamp="20230426 16:33:52.519" level="INFO">${image_name} = screenshots/coursera.png</msg>
<status status="PASS" starttime="20230426 16:33:52.519" endtime="20230426 16:33:52.519"/>
</kw>
<kw name="Open Browser" library="SeleniumLibrary">
<arg>${url}</arg>
<arg>${BROWSER}</arg>
<doc>Opens a new browser instance to the optional ``url``.</doc>
<msg timestamp="20230426 16:33:52.519" level="INFO">Opening browser 'chrome' to base url 'https://www.coursera.org/'.</msg>
<status status="PASS" starttime="20230426 16:33:52.519" endtime="20230426 16:33:57.789"/>
</kw>
<kw name="Maximize Browser Window" library="SeleniumLibrary">
<doc>Maximizes current browser window.</doc>
<status status="PASS" starttime="20230426 16:33:57.789" endtime="20230426 16:33:57.906"/>
</kw>
<kw name="Sleep" library="BuiltIn">
<arg>${DELAY}</arg>
<doc>Pauses the test executed for the given time.</doc>
<msg timestamp="20230426 16:34:00.907" level="INFO">Slept 3 seconds</msg>
<status status="PASS" starttime="20230426 16:33:57.906" endtime="20230426 16:34:00.907"/>
</kw>
<kw name="Capture Page Screenshot" library="SeleniumLibrary">
<arg>${image_name}</arg>
<doc>Takes a screenshot of the current page and embeds it into a log file.</doc>
<msg timestamp="20230426 16:34:01.260" level="INFO" html="true">&lt;/td&gt;&lt;/tr&gt;&lt;tr&gt;&lt;td colspan="3"&gt;&lt;a href="screenshots/coursera.png"&gt;&lt;img src="screenshots/coursera.png" width="800px"&gt;&lt;/a&gt;</msg>
<status status="PASS" starttime="20230426 16:34:00.907" endtime="20230426 16:34:01.260"/>
</kw>
<kw name="Close Browser" library="SeleniumLibrary">
<doc>Closes the current browser.</doc>
<status status="PASS" starttime="20230426 16:34:01.260" endtime="20230426 16:34:03.418"/>
</kw>
<status status="PASS" starttime="20230426 16:33:52.519" endtime="20230426 16:34:03.418"/>
</kw>
<status status="PASS" starttime="20230426 16:33:52.519" endtime="20230426 16:34:03.418"/>
</kw>
<status status="PASS" starttime="20230426 16:33:52.519" endtime="20230426 16:34:03.418"/>
</iter>
<iter>
<var name="${website}">('https://www.udemy.com/',)</var>
<kw name="Set Variable" library="BuiltIn">
<var>${url}</var>
<arg>${website[0]}</arg>
<doc>Returns the given values which can then be assigned to a variables.</doc>
<msg timestamp="20230426 16:34:03.419" level="INFO">${url} = https://www.udemy.com/</msg>
<status status="PASS" starttime="20230426 16:34:03.418" endtime="20230426 16:34:03.419"/>
</kw>
<kw name="Set Variable" library="BuiltIn">
<var>${filename}</var>
<arg>${url.split('//')[1].replace('www.', '').split('.')[0]}</arg>
<doc>Returns the given values which can then be assigned to a variables.</doc>
<msg timestamp="20230426 16:34:03.420" level="INFO">${filename} = udemy</msg>
<status status="PASS" starttime="20230426 16:34:03.419" endtime="20230426 16:34:03.420"/>
</kw>
<kw name="Run Keyword And Ignore Error" library="BuiltIn">
<arg>Take Screenshot</arg>
<arg>${url}</arg>
<arg>${filename}</arg>
<doc>Runs the given keyword with the given arguments and ignores possible error.</doc>
<kw name="Take Screenshot" library="takeScreenshot">
<arg>${url}</arg>
<arg>${filename}</arg>
<kw name="Set Variable" library="BuiltIn">
<var>${image_name}</var>
<arg>screenshots/${filename}.png</arg>
<doc>Returns the given values which can then be assigned to a variables.</doc>
<msg timestamp="20230426 16:34:03.421" level="INFO">${image_name} = screenshots/udemy.png</msg>
<status status="PASS" starttime="20230426 16:34:03.421" endtime="20230426 16:34:03.421"/>
</kw>
<kw name="Open Browser" library="SeleniumLibrary">
<arg>${url}</arg>
<arg>${BROWSER}</arg>
<doc>Opens a new browser instance to the optional ``url``.</doc>
<msg timestamp="20230426 16:34:03.422" level="INFO">Opening browser 'chrome' to base url 'https://www.udemy.com/'.</msg>
<status status="PASS" starttime="20230426 16:34:03.421" endtime="20230426 16:34:06.839"/>
</kw>
<kw name="Maximize Browser Window" library="SeleniumLibrary">
<doc>Maximizes current browser window.</doc>
<status status="PASS" starttime="20230426 16:34:06.839" endtime="20230426 16:34:06.967"/>
</kw>
<kw name="Sleep" library="BuiltIn">
<arg>${DELAY}</arg>
<doc>Pauses the test executed for the given time.</doc>
<msg timestamp="20230426 16:34:09.968" level="INFO">Slept 3 seconds</msg>
<status status="PASS" starttime="20230426 16:34:06.967" endtime="20230426 16:34:09.968"/>
</kw>
<kw name="Capture Page Screenshot" library="SeleniumLibrary">
<arg>${image_name}</arg>
<doc>Takes a screenshot of the current page and embeds it into a log file.</doc>
<msg timestamp="20230426 16:34:10.168" level="INFO" html="true">&lt;/td&gt;&lt;/tr&gt;&lt;tr&gt;&lt;td colspan="3"&gt;&lt;a href="screenshots/udemy.png"&gt;&lt;img src="screenshots/udemy.png" width="800px"&gt;&lt;/a&gt;</msg>
<status status="PASS" starttime="20230426 16:34:09.968" endtime="20230426 16:34:10.168"/>
</kw>
<kw name="Close Browser" library="SeleniumLibrary">
<doc>Closes the current browser.</doc>
<status status="PASS" starttime="20230426 16:34:10.168" endtime="20230426 16:34:12.312"/>
</kw>
<status status="PASS" starttime="20230426 16:34:03.420" endtime="20230426 16:34:12.312"/>
</kw>
<status status="PASS" starttime="20230426 16:34:03.420" endtime="20230426 16:34:12.312"/>
</kw>
<status status="PASS" starttime="20230426 16:34:03.418" endtime="20230426 16:34:12.312"/>
</iter>
<iter>
<var name="${website}">('https://www.edx.org/',)</var>
<kw name="Set Variable" library="BuiltIn">
<var>${url}</var>
<arg>${website[0]}</arg>
<doc>Returns the given values which can then be assigned to a variables.</doc>
<msg timestamp="20230426 16:34:12.313" level="INFO">${url} = https://www.edx.org/</msg>
<status status="PASS" starttime="20230426 16:34:12.312" endtime="20230426 16:34:12.313"/>
</kw>
<kw name="Set Variable" library="BuiltIn">
<var>${filename}</var>
<arg>${url.split('//')[1].replace('www.', '').split('.')[0]}</arg>
<doc>Returns the given values which can then be assigned to a variables.</doc>
<msg timestamp="20230426 16:34:12.313" level="INFO">${filename} = edx</msg>
<status status="PASS" starttime="20230426 16:34:12.313" endtime="20230426 16:34:12.313"/>
</kw>
<kw name="Run Keyword And Ignore Error" library="BuiltIn">
<arg>Take Screenshot</arg>
<arg>${url}</arg>
<arg>${filename}</arg>
<doc>Runs the given keyword with the given arguments and ignores possible error.</doc>
<kw name="Take Screenshot" library="takeScreenshot">
<arg>${url}</arg>
<arg>${filename}</arg>
<kw name="Set Variable" library="BuiltIn">
<var>${image_name}</var>
<arg>screenshots/${filename}.png</arg>
<doc>Returns the given values which can then be assigned to a variables.</doc>
<msg timestamp="20230426 16:34:12.314" level="INFO">${image_name} = screenshots/edx.png</msg>
<status status="PASS" starttime="20230426 16:34:12.314" endtime="20230426 16:34:12.314"/>
</kw>
<kw name="Open Browser" library="SeleniumLibrary">
<arg>${url}</arg>
<arg>${BROWSER}</arg>
<doc>Opens a new browser instance to the optional ``url``.</doc>
<msg timestamp="20230426 16:34:12.315" level="INFO">Opening browser 'chrome' to base url 'https://www.edx.org/'.</msg>
<status status="PASS" starttime="20230426 16:34:12.314" endtime="20230426 16:34:15.009"/>
</kw>
<kw name="Maximize Browser Window" library="SeleniumLibrary">
<doc>Maximizes current browser window.</doc>
<status status="PASS" starttime="20230426 16:34:15.009" endtime="20230426 16:34:15.126"/>
</kw>
<kw name="Sleep" library="BuiltIn">
<arg>${DELAY}</arg>
<doc>Pauses the test executed for the given time.</doc>
<msg timestamp="20230426 16:34:18.126" level="INFO">Slept 3 seconds</msg>
<status status="PASS" starttime="20230426 16:34:15.126" endtime="20230426 16:34:18.126"/>
</kw>
<kw name="Capture Page Screenshot" library="SeleniumLibrary">
<arg>${image_name}</arg>
<doc>Takes a screenshot of the current page and embeds it into a log file.</doc>
<msg timestamp="20230426 16:34:18.339" level="INFO" html="true">&lt;/td&gt;&lt;/tr&gt;&lt;tr&gt;&lt;td colspan="3"&gt;&lt;a href="screenshots/edx.png"&gt;&lt;img src="screenshots/edx.png" width="800px"&gt;&lt;/a&gt;</msg>
<status status="PASS" starttime="20230426 16:34:18.126" endtime="20230426 16:34:18.339"/>
</kw>
<kw name="Close Browser" library="SeleniumLibrary">
<doc>Closes the current browser.</doc>
<status status="PASS" starttime="20230426 16:34:18.339" endtime="20230426 16:34:20.501"/>
</kw>
<status status="PASS" starttime="20230426 16:34:12.314" endtime="20230426 16:34:20.501"/>
</kw>
<status status="PASS" starttime="20230426 16:34:12.313" endtime="20230426 16:34:20.501"/>
</kw>
<status status="PASS" starttime="20230426 16:34:12.312" endtime="20230426 16:34:20.501"/>
</iter>
<iter>
<var name="${website}">('https://www.codecademy.com/',)</var>
<kw name="Set Variable" library="BuiltIn">
<var>${url}</var>
<arg>${website[0]}</arg>
<doc>Returns the given values which can then be assigned to a variables.</doc>
<msg timestamp="20230426 16:34:20.504" level="INFO">${url} = https://www.codecademy.com/</msg>
<status status="PASS" starttime="20230426 16:34:20.503" endtime="20230426 16:34:20.504"/>
</kw>
<kw name="Set Variable" library="BuiltIn">
<var>${filename}</var>
<arg>${url.split('//')[1].replace('www.', '').split('.')[0]}</arg>
<doc>Returns the given values which can then be assigned to a variables.</doc>
<msg timestamp="20230426 16:34:20.504" level="INFO">${filename} = codecademy</msg>
<status status="PASS" starttime="20230426 16:34:20.504" endtime="20230426 16:34:20.504"/>
</kw>
<kw name="Run Keyword And Ignore Error" library="BuiltIn">
<arg>Take Screenshot</arg>
<arg>${url}</arg>
<arg>${filename}</arg>
<doc>Runs the given keyword with the given arguments and ignores possible error.</doc>
<kw name="Take Screenshot" library="takeScreenshot">
<arg>${url}</arg>
<arg>${filename}</arg>
<kw name="Set Variable" library="BuiltIn">
<var>${image_name}</var>
<arg>screenshots/${filename}.png</arg>
<doc>Returns the given values which can then be assigned to a variables.</doc>
<msg timestamp="20230426 16:34:20.506" level="INFO">${image_name} = screenshots/codecademy.png</msg>
<status status="PASS" starttime="20230426 16:34:20.506" endtime="20230426 16:34:20.506"/>
</kw>
<kw name="Open Browser" library="SeleniumLibrary">
<arg>${url}</arg>
<arg>${BROWSER}</arg>
<doc>Opens a new browser instance to the optional ``url``.</doc>
<msg timestamp="20230426 16:34:20.506" level="INFO">Opening browser 'chrome' to base url 'https://www.codecademy.com/'.</msg>
<status status="PASS" starttime="20230426 16:34:20.506" endtime="20230426 16:34:24.602"/>
</kw>
<kw name="Maximize Browser Window" library="SeleniumLibrary">
<doc>Maximizes current browser window.</doc>
<status status="PASS" starttime="20230426 16:34:24.602" endtime="20230426 16:34:24.723"/>
</kw>
<kw name="Sleep" library="BuiltIn">
<arg>${DELAY}</arg>
<doc>Pauses the test executed for the given time.</doc>
<msg timestamp="20230426 16:34:27.724" level="INFO">Slept 3 seconds</msg>
<status status="PASS" starttime="20230426 16:34:24.723" endtime="20230426 16:34:27.724"/>
</kw>
<kw name="Capture Page Screenshot" library="SeleniumLibrary">
<arg>${image_name}</arg>
<doc>Takes a screenshot of the current page and embeds it into a log file.</doc>
<msg timestamp="20230426 16:34:27.895" level="INFO" html="true">&lt;/td&gt;&lt;/tr&gt;&lt;tr&gt;&lt;td colspan="3"&gt;&lt;a href="screenshots/codecademy.png"&gt;&lt;img src="screenshots/codecademy.png" width="800px"&gt;&lt;/a&gt;</msg>
<status status="PASS" starttime="20230426 16:34:27.724" endtime="20230426 16:34:27.895"/>
</kw>
<kw name="Close Browser" library="SeleniumLibrary">
<doc>Closes the current browser.</doc>
<status status="PASS" starttime="20230426 16:34:27.895" endtime="20230426 16:34:30.048"/>
</kw>
<status status="PASS" starttime="20230426 16:34:20.504" endtime="20230426 16:34:30.050"/>
</kw>
<status status="PASS" starttime="20230426 16:34:20.504" endtime="20230426 16:34:30.050"/>
</kw>
<status status="PASS" starttime="20230426 16:34:20.503" endtime="20230426 16:34:30.050"/>
</iter>
<iter>
<var name="${website}">('https://www.myfitnesspal.com/',)</var>
<kw name="Set Variable" library="BuiltIn">
<var>${url}</var>
<arg>${website[0]}</arg>
<doc>Returns the given values which can then be assigned to a variables.</doc>
<msg timestamp="20230426 16:34:30.051" level="INFO">${url} = https://www.myfitnesspal.com/</msg>
<status status="PASS" starttime="20230426 16:34:30.050" endtime="20230426 16:34:30.051"/>
</kw>
<kw name="Set Variable" library="BuiltIn">
<var>${filename}</var>
<arg>${url.split('//')[1].replace('www.', '').split('.')[0]}</arg>
<doc>Returns the given values which can then be assigned to a variables.</doc>
<msg timestamp="20230426 16:34:30.052" level="INFO">${filename} = myfitnesspal</msg>
<status status="PASS" starttime="20230426 16:34:30.051" endtime="20230426 16:34:30.052"/>
</kw>
<kw name="Run Keyword And Ignore Error" library="BuiltIn">
<arg>Take Screenshot</arg>
<arg>${url}</arg>
<arg>${filename}</arg>
<doc>Runs the given keyword with the given arguments and ignores possible error.</doc>
<kw name="Take Screenshot" library="takeScreenshot">
<arg>${url}</arg>
<arg>${filename}</arg>
<kw name="Set Variable" library="BuiltIn">
<var>${image_name}</var>
<arg>screenshots/${filename}.png</arg>
<doc>Returns the given values which can then be assigned to a variables.</doc>
<msg timestamp="20230426 16:34:30.053" level="INFO">${image_name} = screenshots/myfitnesspal.png</msg>
<status status="PASS" starttime="20230426 16:34:30.053" endtime="20230426 16:34:30.053"/>
</kw>
<kw name="Open Browser" library="SeleniumLibrary">
<arg>${url}</arg>
<arg>${BROWSER}</arg>
<doc>Opens a new browser instance to the optional ``url``.</doc>
<msg timestamp="20230426 16:34:30.054" level="INFO">Opening browser 'chrome' to base url 'https://www.myfitnesspal.com/'.</msg>
<status status="PASS" starttime="20230426 16:34:30.053" endtime="20230426 16:34:33.867"/>
</kw>
<kw name="Maximize Browser Window" library="SeleniumLibrary">
<doc>Maximizes current browser window.</doc>
<status status="PASS" starttime="20230426 16:34:33.867" endtime="20230426 16:34:34.005"/>
</kw>
<kw name="Sleep" library="BuiltIn">
<arg>${DELAY}</arg>
<doc>Pauses the test executed for the given time.</doc>
<msg timestamp="20230426 16:34:37.005" level="INFO">Slept 3 seconds</msg>
<status status="PASS" starttime="20230426 16:34:34.005" endtime="20230426 16:34:37.006"/>
</kw>
<kw name="Capture Page Screenshot" library="SeleniumLibrary">
<arg>${image_name}</arg>
<doc>Takes a screenshot of the current page and embeds it into a log file.</doc>
<msg timestamp="20230426 16:34:37.195" level="INFO" html="true">&lt;/td&gt;&lt;/tr&gt;&lt;tr&gt;&lt;td colspan="3"&gt;&lt;a href="screenshots/myfitnesspal.png"&gt;&lt;img src="screenshots/myfitnesspal.png" width="800px"&gt;&lt;/a&gt;</msg>
<status status="PASS" starttime="20230426 16:34:37.006" endtime="20230426 16:34:37.195"/>
</kw>
<kw name="Close Browser" library="SeleniumLibrary">
<doc>Closes the current browser.</doc>
<status status="PASS" starttime="20230426 16:34:37.195" endtime="20230426 16:34:39.353"/>
</kw>
<status status="PASS" starttime="20230426 16:34:30.053" endtime="20230426 16:34:39.353"/>
</kw>
<status status="PASS" starttime="20230426 16:34:30.052" endtime="20230426 16:34:39.353"/>
</kw>
<status status="PASS" starttime="20230426 16:34:30.050" endtime="20230426 16:34:39.355"/>
</iter>
<iter>
<var name="${website}">('https://www.fitbit.com/',)</var>
<kw name="Set Variable" library="BuiltIn">
<var>${url}</var>
<arg>${website[0]}</arg>
<doc>Returns the given values which can then be assigned to a variables.</doc>
<msg timestamp="20230426 16:34:39.357" level="INFO">${url} = https://www.fitbit.com/</msg>
<status status="PASS" starttime="20230426 16:34:39.355" endtime="20230426 16:34:39.357"/>
</kw>
<kw name="Set Variable" library="BuiltIn">
<var>${filename}</var>
<arg>${url.split('//')[1].replace('www.', '').split('.')[0]}</arg>
<doc>Returns the given values which can then be assigned to a variables.</doc>
<msg timestamp="20230426 16:34:39.358" level="INFO">${filename} = fitbit</msg>
<status status="PASS" starttime="20230426 16:34:39.357" endtime="20230426 16:34:39.358"/>
</kw>
<kw name="Run Keyword And Ignore Error" library="BuiltIn">
<arg>Take Screenshot</arg>
<arg>${url}</arg>
<arg>${filename}</arg>
<doc>Runs the given keyword with the given arguments and ignores possible error.</doc>
<kw name="Take Screenshot" library="takeScreenshot">
<arg>${url}</arg>
<arg>${filename}</arg>
<kw name="Set Variable" library="BuiltIn">
<var>${image_name}</var>
<arg>screenshots/${filename}.png</arg>
<doc>Returns the given values which can then be assigned to a variables.</doc>
<msg timestamp="20230426 16:34:39.359" level="INFO">${image_name} = screenshots/fitbit.png</msg>
<status status="PASS" starttime="20230426 16:34:39.358" endtime="20230426 16:34:39.359"/>
</kw>
<kw name="Open Browser" library="SeleniumLibrary">
<arg>${url}</arg>
<arg>${BROWSER}</arg>
<doc>Opens a new browser instance to the optional ``url``.</doc>
<msg timestamp="20230426 16:34:39.359" level="INFO">Opening browser 'chrome' to base url 'https://www.fitbit.com/'.</msg>
<status status="PASS" starttime="20230426 16:34:39.359" endtime="20230426 16:34:43.301"/>
</kw>
<kw name="Maximize Browser Window" library="SeleniumLibrary">
<doc>Maximizes current browser window.</doc>
<status status="PASS" starttime="20230426 16:34:43.301" endtime="20230426 16:34:43.418"/>
</kw>
<kw name="Sleep" library="BuiltIn">
<arg>${DELAY}</arg>
<doc>Pauses the test executed for the given time.</doc>
<msg timestamp="20230426 16:34:46.419" level="INFO">Slept 3 seconds</msg>
<status status="PASS" starttime="20230426 16:34:43.418" endtime="20230426 16:34:46.419"/>
</kw>
<kw name="Capture Page Screenshot" library="SeleniumLibrary">
<arg>${image_name}</arg>
<doc>Takes a screenshot of the current page and embeds it into a log file.</doc>
<msg timestamp="20230426 16:34:46.807" level="INFO" html="true">&lt;/td&gt;&lt;/tr&gt;&lt;tr&gt;&lt;td colspan="3"&gt;&lt;a href="screenshots/fitbit.png"&gt;&lt;img src="screenshots/fitbit.png" width="800px"&gt;&lt;/a&gt;</msg>
<status status="PASS" starttime="20230426 16:34:46.419" endtime="20230426 16:34:46.808"/>
</kw>
<kw name="Close Browser" library="SeleniumLibrary">
<doc>Closes the current browser.</doc>
<status status="PASS" starttime="20230426 16:34:46.808" endtime="20230426 16:34:48.951"/>
</kw>
<status status="PASS" starttime="20230426 16:34:39.358" endtime="20230426 16:34:48.952"/>
</kw>
<status status="PASS" starttime="20230426 16:34:39.358" endtime="20230426 16:34:48.952"/>
</kw>
<status status="PASS" starttime="20230426 16:34:39.355" endtime="20230426 16:34:48.952"/>
</iter>
<iter>
<var name="${website}">('https://www.menshealth.com/',)</var>
<kw name="Set Variable" library="BuiltIn">
<var>${url}</var>
<arg>${website[0]}</arg>
<doc>Returns the given values which can then be assigned to a variables.</doc>
<msg timestamp="20230426 16:34:48.953" level="INFO">${url} = https://www.menshealth.com/</msg>
<status status="PASS" starttime="20230426 16:34:48.952" endtime="20230426 16:34:48.953"/>
</kw>
<kw name="Set Variable" library="BuiltIn">
<var>${filename}</var>
<arg>${url.split('//')[1].replace('www.', '').split('.')[0]}</arg>
<doc>Returns the given values which can then be assigned to a variables.</doc>
<msg timestamp="20230426 16:34:48.955" level="INFO">${filename} = menshealth</msg>
<status status="PASS" starttime="20230426 16:34:48.953" endtime="20230426 16:34:48.955"/>
</kw>
<kw name="Run Keyword And Ignore Error" library="BuiltIn">
<arg>Take Screenshot</arg>
<arg>${url}</arg>
<arg>${filename}</arg>
<doc>Runs the given keyword with the given arguments and ignores possible error.</doc>
<kw name="Take Screenshot" library="takeScreenshot">
<arg>${url}</arg>
<arg>${filename}</arg>
<kw name="Set Variable" library="BuiltIn">
<var>${image_name}</var>
<arg>screenshots/${filename}.png</arg>
<doc>Returns the given values which can then be assigned to a variables.</doc>
<msg timestamp="20230426 16:34:48.956" level="INFO">${image_name} = screenshots/menshealth.png</msg>
<status status="PASS" starttime="20230426 16:34:48.956" endtime="20230426 16:34:48.956"/>
</kw>
<kw name="Open Browser" library="SeleniumLibrary">
<arg>${url}</arg>
<arg>${BROWSER}</arg>
<doc>Opens a new browser instance to the optional ``url``.</doc>
<msg timestamp="20230426 16:34:48.957" level="INFO">Opening browser 'chrome' to base url 'https://www.menshealth.com/'.</msg>
<status status="PASS" starttime="20230426 16:34:48.956" endtime="20230426 16:34:51.448"/>
</kw>
<kw name="Maximize Browser Window" library="SeleniumLibrary">
<doc>Maximizes current browser window.</doc>
<status status="PASS" starttime="20230426 16:34:51.448" endtime="20230426 16:34:51.590"/>
</kw>
<kw name="Sleep" library="BuiltIn">
<arg>${DELAY}</arg>
<doc>Pauses the test executed for the given time.</doc>
<msg timestamp="20230426 16:34:54.590" level="INFO">Slept 3 seconds</msg>
<status status="PASS" starttime="20230426 16:34:51.590" endtime="20230426 16:34:54.590"/>
</kw>
<kw name="Capture Page Screenshot" library="SeleniumLibrary">
<arg>${image_name}</arg>
<doc>Takes a screenshot of the current page and embeds it into a log file.</doc>
<msg timestamp="20230426 16:34:54.749" level="INFO" html="true">&lt;/td&gt;&lt;/tr&gt;&lt;tr&gt;&lt;td colspan="3"&gt;&lt;a href="screenshots/menshealth.png"&gt;&lt;img src="screenshots/menshealth.png" width="800px"&gt;&lt;/a&gt;</msg>
<status status="PASS" starttime="20230426 16:34:54.590" endtime="20230426 16:34:54.749"/>
</kw>
<kw name="Close Browser" library="SeleniumLibrary">
<doc>Closes the current browser.</doc>
<status status="PASS" starttime="20230426 16:34:54.749" endtime="20230426 16:34:56.946"/>
</kw>
<status status="PASS" starttime="20230426 16:34:48.955" endtime="20230426 16:34:56.946"/>
</kw>
<status status="PASS" starttime="20230426 16:34:48.955" endtime="20230426 16:34:56.946"/>
</kw>
<status status="PASS" starttime="20230426 16:34:48.952" endtime="20230426 16:34:56.946"/>
</iter>
<iter>
<var name="${website}">('https://www.womenshealthmag.com/',)</var>
<kw name="Set Variable" library="BuiltIn">
<var>${url}</var>
<arg>${website[0]}</arg>
<doc>Returns the given values which can then be assigned to a variables.</doc>
<msg timestamp="20230426 16:34:56.950" level="INFO">${url} = https://www.womenshealthmag.com/</msg>
<status status="PASS" starttime="20230426 16:34:56.946" endtime="20230426 16:34:56.950"/>
</kw>
<kw name="Set Variable" library="BuiltIn">
<var>${filename}</var>
<arg>${url.split('//')[1].replace('www.', '').split('.')[0]}</arg>
<doc>Returns the given values which can then be assigned to a variables.</doc>
<msg timestamp="20230426 16:34:56.950" level="INFO">${filename} = womenshealthmag</msg>
<status status="PASS" starttime="20230426 16:34:56.950" endtime="20230426 16:34:56.950"/>
</kw>
<kw name="Run Keyword And Ignore Error" library="BuiltIn">
<arg>Take Screenshot</arg>
<arg>${url}</arg>
<arg>${filename}</arg>
<doc>Runs the given keyword with the given arguments and ignores possible error.</doc>
<kw name="Take Screenshot" library="takeScreenshot">
<arg>${url}</arg>
<arg>${filename}</arg>
<kw name="Set Variable" library="BuiltIn">
<var>${image_name}</var>
<arg>screenshots/${filename}.png</arg>
<doc>Returns the given values which can then be assigned to a variables.</doc>
<msg timestamp="20230426 16:34:56.950" level="INFO">${image_name} = screenshots/womenshealthmag.png</msg>
<status status="PASS" starttime="20230426 16:34:56.950" endtime="20230426 16:34:56.950"/>
</kw>
<kw name="Open Browser" library="SeleniumLibrary">
<arg>${url}</arg>
<arg>${BROWSER}</arg>
<doc>Opens a new browser instance to the optional ``url``.</doc>
<msg timestamp="20230426 16:34:56.950" level="INFO">Opening browser 'chrome' to base url 'https://www.womenshealthmag.com/'.</msg>
<status status="PASS" starttime="20230426 16:34:56.950" endtime="20230426 16:34:59.179"/>
</kw>
<kw name="Maximize Browser Window" library="SeleniumLibrary">
<doc>Maximizes current browser window.</doc>
<status status="PASS" starttime="20230426 16:34:59.179" endtime="20230426 16:34:59.328"/>
</kw>
<kw name="Sleep" library="BuiltIn">
<arg>${DELAY}</arg>
<doc>Pauses the test executed for the given time.</doc>
<msg timestamp="20230426 16:35:02.328" level="INFO">Slept 3 seconds</msg>
<status status="PASS" starttime="20230426 16:34:59.328" endtime="20230426 16:35:02.328"/>
</kw>
<kw name="Capture Page Screenshot" library="SeleniumLibrary">
<arg>${image_name}</arg>
<doc>Takes a screenshot of the current page and embeds it into a log file.</doc>
<msg timestamp="20230426 16:35:02.925" level="INFO" html="true">&lt;/td&gt;&lt;/tr&gt;&lt;tr&gt;&lt;td colspan="3"&gt;&lt;a href="screenshots/womenshealthmag.png"&gt;&lt;img src="screenshots/womenshealthmag.png" width="800px"&gt;&lt;/a&gt;</msg>
<status status="PASS" starttime="20230426 16:35:02.328" endtime="20230426 16:35:02.925"/>
</kw>
<kw name="Close Browser" library="SeleniumLibrary">
<doc>Closes the current browser.</doc>
<status status="PASS" starttime="20230426 16:35:02.925" endtime="20230426 16:35:05.160"/>
</kw>
<status status="PASS" starttime="20230426 16:34:56.950" endtime="20230426 16:35:05.160"/>
</kw>
<status status="PASS" starttime="20230426 16:34:56.950" endtime="20230426 16:35:05.160"/>
</kw>
<status status="PASS" starttime="20230426 16:34:56.946" endtime="20230426 16:35:05.160"/>
</iter>
<iter>
<var name="${website}">('https://www.bodybuilding.com/',)</var>
<kw name="Set Variable" library="BuiltIn">
<var>${url}</var>
<arg>${website[0]}</arg>
<doc>Returns the given values which can then be assigned to a variables.</doc>
<msg timestamp="20230426 16:35:05.161" level="INFO">${url} = https://www.bodybuilding.com/</msg>
<status status="PASS" starttime="20230426 16:35:05.161" endtime="20230426 16:35:05.161"/>
</kw>
<kw name="Set Variable" library="BuiltIn">
<var>${filename}</var>
<arg>${url.split('//')[1].replace('www.', '').split('.')[0]}</arg>
<doc>Returns the given values which can then be assigned to a variables.</doc>
<msg timestamp="20230426 16:35:05.161" level="INFO">${filename} = bodybuilding</msg>
<status status="PASS" starttime="20230426 16:35:05.161" endtime="20230426 16:35:05.161"/>
</kw>
<kw name="Run Keyword And Ignore Error" library="BuiltIn">
<arg>Take Screenshot</arg>
<arg>${url}</arg>
<arg>${filename}</arg>
<doc>Runs the given keyword with the given arguments and ignores possible error.</doc>
<kw name="Take Screenshot" library="takeScreenshot">
<arg>${url}</arg>
<arg>${filename}</arg>
<kw name="Set Variable" library="BuiltIn">
<var>${image_name}</var>
<arg>screenshots/${filename}.png</arg>
<doc>Returns the given values which can then be assigned to a variables.</doc>
<msg timestamp="20230426 16:35:05.161" level="INFO">${image_name} = screenshots/bodybuilding.png</msg>
<status status="PASS" starttime="20230426 16:35:05.161" endtime="20230426 16:35:05.161"/>
</kw>
<kw name="Open Browser" library="SeleniumLibrary">
<arg>${url}</arg>
<arg>${BROWSER}</arg>
<doc>Opens a new browser instance to the optional ``url``.</doc>
<msg timestamp="20230426 16:35:05.161" level="INFO">Opening browser 'chrome' to base url 'https://www.bodybuilding.com/'.</msg>
<status status="PASS" starttime="20230426 16:35:05.161" endtime="20230426 16:35:22.447"/>
</kw>
<kw name="Maximize Browser Window" library="SeleniumLibrary">
<doc>Maximizes current browser window.</doc>
<status status="PASS" starttime="20230426 16:35:22.447" endtime="20230426 16:35:22.634"/>
</kw>
<kw name="Sleep" library="BuiltIn">
<arg>${DELAY}</arg>
<doc>Pauses the test executed for the given time.</doc>
<msg timestamp="20230426 16:35:25.636" level="INFO">Slept 3 seconds</msg>
<status status="PASS" starttime="20230426 16:35:22.634" endtime="20230426 16:35:25.636"/>
</kw>
<kw name="Capture Page Screenshot" library="SeleniumLibrary">
<arg>${image_name}</arg>
<doc>Takes a screenshot of the current page and embeds it into a log file.</doc>
<msg timestamp="20230426 16:35:26.065" level="INFO" html="true">&lt;/td&gt;&lt;/tr&gt;&lt;tr&gt;&lt;td colspan="3"&gt;&lt;a href="screenshots/bodybuilding.png"&gt;&lt;img src="screenshots/bodybuilding.png" width="800px"&gt;&lt;/a&gt;</msg>
<status status="PASS" starttime="20230426 16:35:25.636" endtime="20230426 16:35:26.065"/>
</kw>
<kw name="Close Browser" library="SeleniumLibrary">
<doc>Closes the current browser.</doc>
<status status="PASS" starttime="20230426 16:35:26.065" endtime="20230426 16:35:28.254"/>
</kw>
<status status="PASS" starttime="20230426 16:35:05.161" endtime="20230426 16:35:28.254"/>
</kw>
<status status="PASS" starttime="20230426 16:35:05.161" endtime="20230426 16:35:28.254"/>
</kw>
<status status="PASS" starttime="20230426 16:35:05.160" endtime="20230426 16:35:28.255"/>
</iter>
<iter>
<var name="${website}">('https://techcrunch.com/',)</var>
<kw name="Set Variable" library="BuiltIn">
<var>${url}</var>
<arg>${website[0]}</arg>
<doc>Returns the given values which can then be assigned to a variables.</doc>
<msg timestamp="20230426 16:35:28.255" level="INFO">${url} = https://techcrunch.com/</msg>
<status status="PASS" starttime="20230426 16:35:28.255" endtime="20230426 16:35:28.255"/>
</kw>
<kw name="Set Variable" library="BuiltIn">
<var>${filename}</var>
<arg>${url.split('//')[1].replace('www.', '').split('.')[0]}</arg>
<doc>Returns the given values which can then be assigned to a variables.</doc>
<msg timestamp="20230426 16:35:28.255" level="INFO">${filename} = techcrunch</msg>
<status status="PASS" starttime="20230426 16:35:28.255" endtime="20230426 16:35:28.255"/>
</kw>
<kw name="Run Keyword And Ignore Error" library="BuiltIn">
<arg>Take Screenshot</arg>
<arg>${url}</arg>
<arg>${filename}</arg>
<doc>Runs the given keyword with the given arguments and ignores possible error.</doc>
<kw name="Take Screenshot" library="takeScreenshot">
<arg>${url}</arg>
<arg>${filename}</arg>
<kw name="Set Variable" library="BuiltIn">
<var>${image_name}</var>
<arg>screenshots/${filename}.png</arg>
<doc>Returns the given values which can then be assigned to a variables.</doc>
<msg timestamp="20230426 16:35:28.255" level="INFO">${image_name} = screenshots/techcrunch.png</msg>
<status status="PASS" starttime="20230426 16:35:28.255" endtime="20230426 16:35:28.255"/>
</kw>
<kw name="Open Browser" library="SeleniumLibrary">
<arg>${url}</arg>
<arg>${BROWSER}</arg>
<doc>Opens a new browser instance to the optional ``url``.</doc>
<msg timestamp="20230426 16:35:28.255" level="INFO">Opening browser 'chrome' to base url 'https://techcrunch.com/'.</msg>
<status status="PASS" starttime="20230426 16:35:28.255" endtime="20230426 16:35:31.250"/>
</kw>
<kw name="Maximize Browser Window" library="SeleniumLibrary">
<doc>Maximizes current browser window.</doc>
<status status="PASS" starttime="20230426 16:35:31.250" endtime="20230426 16:35:31.378"/>
</kw>
<kw name="Sleep" library="BuiltIn">
<arg>${DELAY}</arg>
<doc>Pauses the test executed for the given time.</doc>
<msg timestamp="20230426 16:35:34.378" level="INFO">Slept 3 seconds</msg>
<status status="PASS" starttime="20230426 16:35:31.378" endtime="20230426 16:35:34.378"/>
</kw>
<kw name="Capture Page Screenshot" library="SeleniumLibrary">
<arg>${image_name}</arg>
<doc>Takes a screenshot of the current page and embeds it into a log file.</doc>
<msg timestamp="20230426 16:35:38.686" level="INFO" html="true">&lt;/td&gt;&lt;/tr&gt;&lt;tr&gt;&lt;td colspan="3"&gt;&lt;a href="screenshots/techcrunch.png"&gt;&lt;img src="screenshots/techcrunch.png" width="800px"&gt;&lt;/a&gt;</msg>
<status status="PASS" starttime="20230426 16:35:34.378" endtime="20230426 16:35:38.686"/>
</kw>
<kw name="Close Browser" library="SeleniumLibrary">
<doc>Closes the current browser.</doc>
<status status="PASS" starttime="20230426 16:35:38.686" endtime="20230426 16:35:40.872"/>
</kw>
<status status="PASS" starttime="20230426 16:35:28.255" endtime="20230426 16:35:40.872"/>
</kw>
<status status="PASS" starttime="20230426 16:35:28.255" endtime="20230426 16:35:40.872"/>
</kw>
<status status="PASS" starttime="20230426 16:35:28.255" endtime="20230426 16:35:40.872"/>
</iter>
<iter>
<var name="${website}">('https://www.theverge.com/',)</var>
<kw name="Set Variable" library="BuiltIn">
<var>${url}</var>
<arg>${website[0]}</arg>
<doc>Returns the given values which can then be assigned to a variables.</doc>
<msg timestamp="20230426 16:35:40.872" level="INFO">${url} = https://www.theverge.com/</msg>
<status status="PASS" starttime="20230426 16:35:40.872" endtime="20230426 16:35:40.872"/>
</kw>
<kw name="Set Variable" library="BuiltIn">
<var>${filename}</var>
<arg>${url.split('//')[1].replace('www.', '').split('.')[0]}</arg>
<doc>Returns the given values which can then be assigned to a variables.</doc>
<msg timestamp="20230426 16:35:40.875" level="INFO">${filename} = theverge</msg>
<status status="PASS" starttime="20230426 16:35:40.872" endtime="20230426 16:35:40.875"/>
</kw>
<kw name="Run Keyword And Ignore Error" library="BuiltIn">
<arg>Take Screenshot</arg>
<arg>${url}</arg>
<arg>${filename}</arg>
<doc>Runs the given keyword with the given arguments and ignores possible error.</doc>
<kw name="Take Screenshot" library="takeScreenshot">
<arg>${url}</arg>
<arg>${filename}</arg>
<kw name="Set Variable" library="BuiltIn">
<var>${image_name}</var>
<arg>screenshots/${filename}.png</arg>
<doc>Returns the given values which can then be assigned to a variables.</doc>
<msg timestamp="20230426 16:35:40.875" level="INFO">${image_name} = screenshots/theverge.png</msg>
<status status="PASS" starttime="20230426 16:35:40.875" endtime="20230426 16:35:40.875"/>
</kw>
<kw name="Open Browser" library="SeleniumLibrary">
<arg>${url}</arg>
<arg>${BROWSER}</arg>
<doc>Opens a new browser instance to the optional ``url``.</doc>
<msg timestamp="20230426 16:35:40.875" level="INFO">Opening browser 'chrome' to base url 'https://www.theverge.com/'.</msg>
<status status="PASS" starttime="20230426 16:35:40.875" endtime="20230426 16:35:45.278"/>
</kw>
<kw name="Maximize Browser Window" library="SeleniumLibrary">
<doc>Maximizes current browser window.</doc>
<status status="PASS" starttime="20230426 16:35:45.278" endtime="20230426 16:35:45.400"/>
</kw>
<kw name="Sleep" library="BuiltIn">
<arg>${DELAY}</arg>
<doc>Pauses the test executed for the given time.</doc>
<msg timestamp="20230426 16:35:48.401" level="INFO">Slept 3 seconds</msg>
<status status="PASS" starttime="20230426 16:35:45.400" endtime="20230426 16:35:48.401"/>
</kw>
<kw name="Capture Page Screenshot" library="SeleniumLibrary">
<arg>${image_name}</arg>
<doc>Takes a screenshot of the current page and embeds it into a log file.</doc>
<msg timestamp="20230426 16:35:48.532" level="INFO" html="true">&lt;/td&gt;&lt;/tr&gt;&lt;tr&gt;&lt;td colspan="3"&gt;&lt;a href="screenshots/theverge.png"&gt;&lt;img src="screenshots/theverge.png" width="800px"&gt;&lt;/a&gt;</msg>
<status status="PASS" starttime="20230426 16:35:48.401" endtime="20230426 16:35:48.532"/>
</kw>
<kw name="Close Browser" library="SeleniumLibrary">
<doc>Closes the current browser.</doc>
<status status="PASS" starttime="20230426 16:35:48.532" endtime="20230426 16:35:50.693"/>
</kw>
<status status="PASS" starttime="20230426 16:35:40.875" endtime="20230426 16:35:50.693"/>
</kw>
<status status="PASS" starttime="20230426 16:35:40.875" endtime="20230426 16:35:50.693"/>
</kw>
<status status="PASS" starttime="20230426 16:35:40.872" endtime="20230426 16:35:50.693"/>
</iter>
<iter>
<var name="${website}">('https://www.wired.com/',)</var>
<kw name="Set Variable" library="BuiltIn">
<var>${url}</var>
<arg>${website[0]}</arg>
<doc>Returns the given values which can then be assigned to a variables.</doc>
<msg timestamp="20230426 16:35:50.696" level="INFO">${url} = https://www.wired.com/</msg>
<status status="PASS" starttime="20230426 16:35:50.693" endtime="20230426 16:35:50.696"/>
</kw>
<kw name="Set Variable" library="BuiltIn">
<var>${filename}</var>
<arg>${url.split('//')[1].replace('www.', '').split('.')[0]}</arg>
<doc>Returns the given values which can then be assigned to a variables.</doc>
<msg timestamp="20230426 16:35:50.696" level="INFO">${filename} = wired</msg>
<status status="PASS" starttime="20230426 16:35:50.696" endtime="20230426 16:35:50.696"/>
</kw>
<kw name="Run Keyword And Ignore Error" library="BuiltIn">
<arg>Take Screenshot</arg>
<arg>${url}</arg>
<arg>${filename}</arg>
<doc>Runs the given keyword with the given arguments and ignores possible error.</doc>
<kw name="Take Screenshot" library="takeScreenshot">
<arg>${url}</arg>
<arg>${filename}</arg>
<kw name="Set Variable" library="BuiltIn">
<var>${image_name}</var>
<arg>screenshots/${filename}.png</arg>
<doc>Returns the given values which can then be assigned to a variables.</doc>
<msg timestamp="20230426 16:35:50.696" level="INFO">${image_name} = screenshots/wired.png</msg>
[...]
<arg>${url}</arg>
<arg>${filename}</arg>
<doc>Runs the given keyword with the given arguments and ignores possible error.</doc>
<kw name="Take Screenshot" library="takeScreenshot">
<arg>${url}</arg>
<arg>${filename}</arg>
<kw name="Set Variable" library="BuiltIn">
<var>${image_name}</var>
<arg>screenshots/${filename}.png</arg>
<doc>Returns the given values which can then be assigned to a variables.</doc>
<msg timestamp="20230426 16:41:18.764" level="INFO">${image_name} = screenshots/airbnb.png</msg>
<status status="PASS" starttime="20230426 16:41:18.764" endtime="20230426 16:41:18.764"/>
</kw>
<kw name="Open Browser" library="SeleniumLibrary">
<arg>${url}</arg>
<arg>${BROWSER}</arg>
<doc>Opens a new browser instance to the optional ``url``.</doc>
<msg timestamp="20230426 16:41:18.764" level="INFO">Opening browser 'chrome' to base url 'https://www.airbnb.com/'.</msg>
<status status="PASS" starttime="20230426 16:41:18.764" endtime="20230426 16:41:21.302"/>
</kw>
<kw name="Maximize Browser Window" library="SeleniumLibrary">
<doc>Maximizes current browser window.</doc>
<status status="PASS" starttime="20230426 16:41:21.302" endtime="20230426 16:41:21.518"/>
</kw>
<kw name="Sleep" library="BuiltIn">
<arg>${DELAY}</arg>
<doc>Pauses the test executed for the given time.</doc>
<msg timestamp="20230426 16:41:24.519" level="INFO">Slept 3 seconds</msg>
<status status="PASS" starttime="20230426 16:41:21.518" endtime="20230426 16:41:24.519"/>
</kw>
<kw name="Capture Page Screenshot" library="SeleniumLibrary">
<arg>${image_name}</arg>
<doc>Takes a screenshot of the current page and embeds it into a log file.</doc>
<msg timestamp="20230426 16:41:24.849" level="INFO" html="true">&lt;/td&gt;&lt;/tr&gt;&lt;tr&gt;&lt;td colspan="3"&gt;&lt;a href="screenshots/airbnb.png"&gt;&lt;img src="screenshots/airbnb.png" width="800px"&gt;&lt;/a&gt;</msg>
<status status="PASS" starttime="20230426 16:41:24.519" endtime="20230426 16:41:24.849"/>
</kw>
<kw name="Close Browser" library="SeleniumLibrary">
<doc>Closes the current browser.</doc>
<status status="PASS" starttime="20230426 16:41:24.849" endtime="20230426 16:41:26.980"/>
</kw>
<status status="PASS" starttime="20230426 16:41:18.764" endtime="20230426 16:41:26.980"/>
</kw>
<status status="PASS" starttime="20230426 16:41:18.764" endtime="20230426 16:41:26.980"/>
</kw>
<status status="PASS" starttime="20230426 16:41:18.762" endtime="20230426 16:41:26.980"/>
</iter>
<iter>
<var name="${website}">('https://www.kayak.com/',)</var>
<kw name="Set Variable" library="BuiltIn">
<var>${url}</var>
<arg>${website[0]}</arg>
<doc>Returns the given values which can then be assigned to a variables.</doc>
<msg timestamp="20230426 16:41:26.981" level="INFO">${url} = https://www.kayak.com/</msg>
<status status="PASS" starttime="20230426 16:41:26.980" endtime="20230426 16:41:26.981"/>
</kw>
<kw name="Set Variable" library="BuiltIn">
<var>${filename}</var>
<arg>${url.split('//')[1].replace('www.', '').split('.')[0]}</arg>
<doc>Returns the given values which can then be assigned to a variables.</doc>
<msg timestamp="20230426 16:41:26.981" level="INFO">${filename} = kayak</msg>
<status status="PASS" starttime="20230426 16:41:26.981" endtime="20230426 16:41:26.981"/>
</kw>
<kw name="Run Keyword And Ignore Error" library="BuiltIn">
<arg>Take Screenshot</arg>
<arg>${url}</arg>
<arg>${filename}</arg>
<doc>Runs the given keyword with the given arguments and ignores possible error.</doc>
<kw name="Take Screenshot" library="takeScreenshot">
<arg>${url}</arg>
<arg>${filename}</arg>
<kw name="Set Variable" library="BuiltIn">
<var>${image_name}</var>
<arg>screenshots/${filename}.png</arg>
<doc>Returns the given values which can then be assigned to a variables.</doc>
<msg timestamp="20230426 16:41:26.982" level="INFO">${image_name} = screenshots/kayak.png</msg>
<status status="PASS" starttime="20230426 16:41:26.982" endtime="20230426 16:41:26.982"/>
</kw>
<kw name="Open Browser" library="SeleniumLibrary">
<arg>${url}</arg>
<arg>${BROWSER}</arg>
<doc>Opens a new browser instance to the optional ``url``.</doc>
<msg timestamp="20230426 16:41:26.982" level="INFO">Opening browser 'chrome' to base url 'https://www.kayak.com/'.</msg>
<status status="PASS" starttime="20230426 16:41:26.982" endtime="20230426 16:41:29.632"/>
</kw>
<kw name="Maximize Browser Window" library="SeleniumLibrary">
<doc>Maximizes current browser window.</doc>
<status status="PASS" starttime="20230426 16:41:29.632" endtime="20230426 16:41:29.988"/>
</kw>
<kw name="Sleep" library="BuiltIn">
<arg>${DELAY}</arg>
<doc>Pauses the test executed for the given time.</doc>
<msg timestamp="20230426 16:41:32.989" level="INFO">Slept 3 seconds</msg>
<status status="PASS" starttime="20230426 16:41:29.988" endtime="20230426 16:41:32.989"/>
</kw>
<kw name="Capture Page Screenshot" library="SeleniumLibrary">
<arg>${image_name}</arg>
<doc>Takes a screenshot of the current page and embeds it into a log file.</doc>
<msg timestamp="20230426 16:41:33.114" level="INFO" html="true">&lt;/td&gt;&lt;/tr&gt;&lt;tr&gt;&lt;td colspan="3"&gt;&lt;a href="screenshots/kayak.png"&gt;&lt;img src="screenshots/kayak.png" width="800px"&gt;&lt;/a&gt;</msg>
<status status="PASS" starttime="20230426 16:41:32.989" endtime="20230426 16:41:33.114"/>
</kw>
<kw name="Close Browser" library="SeleniumLibrary">
<doc>Closes the current browser.</doc>
<status status="PASS" starttime="20230426 16:41:33.114" endtime="20230426 16:41:35.230"/>
</kw>
<status status="PASS" starttime="20230426 16:41:26.981" endtime="20230426 16:41:35.230"/>
</kw>
<status status="PASS" starttime="20230426 16:41:26.981" endtime="20230426 16:41:35.231"/>
</kw>
<status status="PASS" starttime="20230426 16:41:26.980" endtime="20230426 16:41:35.231"/>
</iter>
<iter>
<var name="${website}">('https://www.skyscanner.com/',)</var>
<kw name="Set Variable" library="BuiltIn">
<var>${url}</var>
<arg>${website[0]}</arg>
<doc>Returns the given values which can then be assigned to a variables.</doc>
<msg timestamp="20230426 16:41:35.231" level="INFO">${url} = https://www.skyscanner.com/</msg>
<status status="PASS" starttime="20230426 16:41:35.231" endtime="20230426 16:41:35.231"/>
</kw>
<kw name="Set Variable" library="BuiltIn">
<var>${filename}</var>
<arg>${url.split('//')[1].replace('www.', '').split('.')[0]}</arg>
<doc>Returns the given values which can then be assigned to a variables.</doc>
<msg timestamp="20230426 16:41:35.231" level="INFO">${filename} = skyscanner</msg>
<status status="PASS" starttime="20230426 16:41:35.231" endtime="20230426 16:41:35.231"/>
</kw>
<kw name="Run Keyword And Ignore Error" library="BuiltIn">
<arg>Take Screenshot</arg>
<arg>${url}</arg>
<arg>${filename}</arg>
<doc>Runs the given keyword with the given arguments and ignores possible error.</doc>
<kw name="Take Screenshot" library="takeScreenshot">
<arg>${url}</arg>
<arg>${filename}</arg>
<kw name="Set Variable" library="BuiltIn">
<var>${image_name}</var>
<arg>screenshots/${filename}.png</arg>
<doc>Returns the given values which can then be assigned to a variables.</doc>
<msg timestamp="20230426 16:41:35.234" level="INFO">${image_name} = screenshots/skyscanner.png</msg>
<status status="PASS" starttime="20230426 16:41:35.234" endtime="20230426 16:41:35.234"/>
</kw>
<kw name="Open Browser" library="SeleniumLibrary">
<arg>${url}</arg>
<arg>${BROWSER}</arg>
<doc>Opens a new browser instance to the optional ``url``.</doc>
<msg timestamp="20230426 16:41:35.234" level="INFO">Opening browser 'chrome' to base url 'https://www.skyscanner.com/'.</msg>
<status status="PASS" starttime="20230426 16:41:35.234" endtime="20230426 16:41:36.891"/>
</kw>
<kw name="Maximize Browser Window" library="SeleniumLibrary">
<doc>Maximizes current browser window.</doc>
<status status="PASS" starttime="20230426 16:41:36.891" endtime="20230426 16:41:37.016"/>
</kw>
<kw name="Sleep" library="BuiltIn">
<arg>${DELAY}</arg>
<doc>Pauses the test executed for the given time.</doc>
<msg timestamp="20230426 16:41:40.017" level="INFO">Slept 3 seconds</msg>
<status status="PASS" starttime="20230426 16:41:37.016" endtime="20230426 16:41:40.017"/>
</kw>
<kw name="Capture Page Screenshot" library="SeleniumLibrary">
<arg>${image_name}</arg>
<doc>Takes a screenshot of the current page and embeds it into a log file.</doc>
<msg timestamp="20230426 16:41:40.144" level="INFO" html="true">&lt;/td&gt;&lt;/tr&gt;&lt;tr&gt;&lt;td colspan="3"&gt;&lt;a href="screenshots/skyscanner.png"&gt;&lt;img src="screenshots/skyscanner.png" width="800px"&gt;&lt;/a&gt;</msg>
<status status="PASS" starttime="20230426 16:41:40.017" endtime="20230426 16:41:40.144"/>
</kw>
<kw name="Close Browser" library="SeleniumLibrary">
<doc>Closes the current browser.</doc>
<status status="PASS" starttime="20230426 16:41:40.144" endtime="20230426 16:41:42.276"/>
</kw>
<status status="PASS" starttime="20230426 16:41:35.231" endtime="20230426 16:41:42.276"/>
</kw>
<status status="PASS" starttime="20230426 16:41:35.231" endtime="20230426 16:41:42.276"/>
</kw>
<status status="PASS" starttime="20230426 16:41:35.231" endtime="20230426 16:41:42.276"/>
</iter>
<iter>
<var name="${website}">('https://www.travelocity.com/',)</var>
<kw name="Set Variable" library="BuiltIn">
<var>${url}</var>
<arg>${website[0]}</arg>
<doc>Returns the given values which can then be assigned to a variables.</doc>
<msg timestamp="20230426 16:41:42.276" level="INFO">${url} = https://www.travelocity.com/</msg>
<status status="PASS" starttime="20230426 16:41:42.276" endtime="20230426 16:41:42.276"/>
</kw>
<kw name="Set Variable" library="BuiltIn">
<var>${filename}</var>
<arg>${url.split('//')[1].replace('www.', '').split('.')[0]}</arg>
<doc>Returns the given values which can then be assigned to a variables.</doc>
<msg timestamp="20230426 16:41:42.276" level="INFO">${filename} = travelocity</msg>
<status status="PASS" starttime="20230426 16:41:42.276" endtime="20230426 16:41:42.276"/>
</kw>
<kw name="Run Keyword And Ignore Error" library="BuiltIn">
<arg>Take Screenshot</arg>
<arg>${url}</arg>
<arg>${filename}</arg>
<doc>Runs the given keyword with the given arguments and ignores possible error.</doc>
<kw name="Take Screenshot" library="takeScreenshot">
<arg>${url}</arg>
<arg>${filename}</arg>
<kw name="Set Variable" library="BuiltIn">
<var>${image_name}</var>
<arg>screenshots/${filename}.png</arg>
<doc>Returns the given values which can then be assigned to a variables.</doc>
<msg timestamp="20230426 16:41:42.276" level="INFO">${image_name} = screenshots/travelocity.png</msg>
<status status="PASS" starttime="20230426 16:41:42.276" endtime="20230426 16:41:42.276"/>
</kw>
<kw name="Open Browser" library="SeleniumLibrary">
<arg>${url}</arg>
<arg>${BROWSER}</arg>
<doc>Opens a new browser instance to the optional ``url``.</doc>
<msg timestamp="20230426 16:41:42.276" level="INFO">Opening browser 'chrome' to base url 'https://www.travelocity.com/'.</msg>
<status status="PASS" starttime="20230426 16:41:42.276" endtime="20230426 16:41:46.578"/>
</kw>
<kw name="Maximize Browser Window" library="SeleniumLibrary">
<doc>Maximizes current browser window.</doc>
<status status="PASS" starttime="20230426 16:41:46.578" endtime="20230426 16:41:46.705"/>
</kw>
<kw name="Sleep" library="BuiltIn">
<arg>${DELAY}</arg>
<doc>Pauses the test executed for the given time.</doc>
<msg timestamp="20230426 16:41:49.705" level="INFO">Slept 3 seconds</msg>
<status status="PASS" starttime="20230426 16:41:46.705" endtime="20230426 16:41:49.705"/>
</kw>
<kw name="Capture Page Screenshot" library="SeleniumLibrary">
<arg>${image_name}</arg>
<doc>Takes a screenshot of the current page and embeds it into a log file.</doc>
<msg timestamp="20230426 16:41:50.062" level="INFO" html="true">&lt;/td&gt;&lt;/tr&gt;&lt;tr&gt;&lt;td colspan="3"&gt;&lt;a href="screenshots/travelocity.png"&gt;&lt;img src="screenshots/travelocity.png" width="800px"&gt;&lt;/a&gt;</msg>
<status status="PASS" starttime="20230426 16:41:49.705" endtime="20230426 16:41:50.062"/>
</kw>
<kw name="Close Browser" library="SeleniumLibrary">
<doc>Closes the current browser.</doc>
<status status="PASS" starttime="20230426 16:41:50.062" endtime="20230426 16:41:52.208"/>
</kw>
<status status="PASS" starttime="20230426 16:41:42.276" endtime="20230426 16:41:52.208"/>
</kw>
<status status="PASS" starttime="20230426 16:41:42.276" endtime="20230426 16:41:52.208"/>
</kw>
<status status="PASS" starttime="20230426 16:41:42.276" endtime="20230426 16:41:52.208"/>
</iter>
<iter>
<var name="${website}">('https://www.hotels.com/',)</var>
<kw name="Set Variable" library="BuiltIn">
<var>${url}</var>
<arg>${website[0]}</arg>
<doc>Returns the given values which can then be assigned to a variables.</doc>
<msg timestamp="20230426 16:41:52.208" level="INFO">${url} = https://www.hotels.com/</msg>
<status status="PASS" starttime="20230426 16:41:52.208" endtime="20230426 16:41:52.208"/>
</kw>
<kw name="Set Variable" library="BuiltIn">
<var>${filename}</var>
<arg>${url.split('//')[1].replace('www.', '').split('.')[0]}</arg>
<doc>Returns the given values which can then be assigned to a variables.</doc>
<msg timestamp="20230426 16:41:52.208" level="INFO">${filename} = hotels</msg>
<status status="PASS" starttime="20230426 16:41:52.208" endtime="20230426 16:41:52.208"/>
</kw>
<kw name="Run Keyword And Ignore Error" library="BuiltIn">
<arg>Take Screenshot</arg>
<arg>${url}</arg>
<arg>${filename}</arg>
<doc>Runs the given keyword with the given arguments and ignores possible error.</doc>
<kw name="Take Screenshot" library="takeScreenshot">
<arg>${url}</arg>
<arg>${filename}</arg>
<kw name="Set Variable" library="BuiltIn">
<var>${image_name}</var>
<arg>screenshots/${filename}.png</arg>
<doc>Returns the given values which can then be assigned to a variables.</doc>
<msg timestamp="20230426 16:41:52.208" level="INFO">${image_name} = screenshots/hotels.png</msg>
<status status="PASS" starttime="20230426 16:41:52.208" endtime="20230426 16:41:52.208"/>
</kw>
<kw name="Open Browser" library="SeleniumLibrary">
<arg>${url}</arg>
<arg>${BROWSER}</arg>
<doc>Opens a new browser instance to the optional ``url``.</doc>
<msg timestamp="20230426 16:41:52.213" level="INFO">Opening browser 'chrome' to base url 'https://www.hotels.com/'.</msg>
<status status="PASS" starttime="20230426 16:41:52.208" endtime="20230426 16:41:55.808"/>
</kw>
<kw name="Maximize Browser Window" library="SeleniumLibrary">
<doc>Maximizes current browser window.</doc>
<status status="PASS" starttime="20230426 16:41:55.808" endtime="20230426 16:41:55.932"/>
</kw>
<kw name="Sleep" library="BuiltIn">
<arg>${DELAY}</arg>
<doc>Pauses the test executed for the given time.</doc>
<msg timestamp="20230426 16:41:58.932" level="INFO">Slept 3 seconds</msg>
<status status="PASS" starttime="20230426 16:41:55.932" endtime="20230426 16:41:58.932"/>
</kw>
<kw name="Capture Page Screenshot" library="SeleniumLibrary">
<arg>${image_name}</arg>
<doc>Takes a screenshot of the current page and embeds it into a log file.</doc>
<msg timestamp="20230426 16:41:59.119" level="INFO" html="true">&lt;/td&gt;&lt;/tr&gt;&lt;tr&gt;&lt;td colspan="3"&gt;&lt;a href="screenshots/hotels.png"&gt;&lt;img src="screenshots/hotels.png" width="800px"&gt;&lt;/a&gt;</msg>
<status status="PASS" starttime="20230426 16:41:58.932" endtime="20230426 16:41:59.119"/>
</kw>
<kw name="Close Browser" library="SeleniumLibrary">
<doc>Closes the current browser.</doc>
<status status="PASS" starttime="20230426 16:41:59.119" endtime="20230426 16:42:01.270"/>
</kw>
<status status="PASS" starttime="20230426 16:41:52.208" endtime="20230426 16:42:01.270"/>
</kw>
<status status="PASS" starttime="20230426 16:41:52.208" endtime="20230426 16:42:01.270"/>
</kw>
<status status="PASS" starttime="20230426 16:41:52.208" endtime="20230426 16:42:01.270"/>
</iter>
<iter>
<var name="${website}">('https://www.lonelyplanet.com/kids',)</var>
<kw name="Set Variable" library="BuiltIn">
<var>${url}</var>
<arg>${website[0]}</arg>
<doc>Returns the given values which can then be assigned to a variables.</doc>
<msg timestamp="20230426 16:42:01.270" level="INFO">${url} = https://www.lonelyplanet.com/kids</msg>
<status status="PASS" starttime="20230426 16:42:01.270" endtime="20230426 16:42:01.270"/>
</kw>
<kw name="Set Variable" library="BuiltIn">
<var>${filename}</var>
<arg>${url.split('//')[1].replace('www.', '').split('.')[0]}</arg>
<doc>Returns the given values which can then be assigned to a variables.</doc>
<msg timestamp="20230426 16:42:01.274" level="INFO">${filename} = lonelyplanet</msg>
<status status="PASS" starttime="20230426 16:42:01.270" endtime="20230426 16:42:01.274"/>
</kw>
<kw name="Run Keyword And Ignore Error" library="BuiltIn">
<arg>Take Screenshot</arg>
<arg>${url}</arg>
<arg>${filename}</arg>
<doc>Runs the given keyword with the given arguments and ignores possible error.</doc>
<kw name="Take Screenshot" library="takeScreenshot">
<arg>${url}</arg>
<arg>${filename}</arg>
<kw name="Set Variable" library="BuiltIn">
<var>${image_name}</var>
<arg>screenshots/${filename}.png</arg>
<doc>Returns the given values which can then be assigned to a variables.</doc>
<msg timestamp="20230426 16:42:01.274" level="INFO">${image_name} = screenshots/lonelyplanet.png</msg>
<status status="PASS" starttime="20230426 16:42:01.274" endtime="20230426 16:42:01.274"/>
</kw>
<kw name="Open Browser" library="SeleniumLibrary">
<arg>${url}</arg>
<arg>${BROWSER}</arg>
<doc>Opens a new browser instance to the optional ``url``.</doc>
<msg timestamp="20230426 16:42:01.274" level="INFO">Opening browser 'chrome' to base url 'https://www.lonelyplanet.com/kids'.</msg>
<status status="PASS" starttime="20230426 16:42:01.274" endtime="20230426 16:42:03.408"/>
</kw>
<kw name="Maximize Browser Window" library="SeleniumLibrary">
<doc>Maximizes current browser window.</doc>
<status status="PASS" starttime="20230426 16:42:03.408" endtime="20230426 16:42:03.541"/>
</kw>
<kw name="Sleep" library="BuiltIn">
<arg>${DELAY}</arg>
<doc>Pauses the test executed for the given time.</doc>
<msg timestamp="20230426 16:42:06.543" level="INFO">Slept 3 seconds</msg>
<status status="PASS" starttime="20230426 16:42:03.542" endtime="20230426 16:42:06.543"/>
</kw>
<kw name="Capture Page Screenshot" library="SeleniumLibrary">
<arg>${image_name}</arg>
<doc>Takes a screenshot of the current page and embeds it into a log file.</doc>
<msg timestamp="20230426 16:42:07.244" level="INFO" html="true">&lt;/td&gt;&lt;/tr&gt;&lt;tr&gt;&lt;td colspan="3"&gt;&lt;a href="screenshots/lonelyplanet.png"&gt;&lt;img src="screenshots/lonelyplanet.png" width="800px"&gt;&lt;/a&gt;</msg>
<status status="PASS" starttime="20230426 16:42:06.543" endtime="20230426 16:42:07.244"/>
</kw>
<kw name="Close Browser" library="SeleniumLibrary">
<doc>Closes the current browser.</doc>
<status status="PASS" starttime="20230426 16:42:07.244" endtime="20230426 16:42:09.350"/>
</kw>
<status status="PASS" starttime="20230426 16:42:01.274" endtime="20230426 16:42:09.350"/>
</kw>
<status status="PASS" starttime="20230426 16:42:01.274" endtime="20230426 16:42:09.350"/>
</kw>
<status status="PASS" starttime="20230426 16:42:01.270" endtime="20230426 16:42:09.350"/>
</iter>
<status status="PASS" starttime="20230426 16:31:57.780" endtime="20230426 16:42:09.350"/>
</for>
<status status="PASS" starttime="20230426 16:31:57.777" endtime="20230426 16:42:09.350"/>
</test>
<kw name="Disconnect From Database" library="DatabaseLibrary" type="TEARDOWN">
<doc>Disconnects from the database.</doc>
<msg timestamp="20230426 16:42:09.357" level="INFO">Executing : Disconnect From Database</msg>
<status status="PASS" starttime="20230426 16:42:09.356" endtime="20230426 16:42:09.357"/>
</kw>
<status status="PASS" starttime="20230426 16:31:57.571" endtime="20230426 16:42:09.357"/>
</suite>
<statistics>
<total>
<stat pass="1" fail="0" skip="0">All Tests</stat>
</total>
<tag>
</tag>
<suite>
<stat pass="1" fail="0" skip="0" id="s1" name="updateScreenshots">updateScreenshots</stat>
</suite>
</statistics>
<errors>
</errors>
</robot>
