<?xml version="1.0" encoding="UTF-8"?>
<robot generator="Robot 6.0.2 (Python 3.11.2 on win32)" generated="20230424 14:26:41.508" rpa="false" schemaversion="3">
<suite id="s1" name="Screenshots" source="C:\Users\AarniSeppänen\Documents\GitHub\web-collections\client\robots\screenshots.robot">
<test id="s1-t1" name="Take Screenshot" line="9">
<kw name="Set Variable" library="BuiltIn">
<var>${image_name}</var>
<arg>screenshots/${filename}.png</arg>
<doc>Returns the given values which can then be assigned to a variables.</doc>
<msg timestamp="20230424 14:26:41.655" level="INFO">${image_name} = screenshots/iltasanomat.png</msg>
<status status="PASS" starttime="20230424 14:26:41.655" endtime="20230424 14:26:41.655"/>
</kw>
<kw name="Open Browser" library="SeleniumLibrary">
<arg>${url}</arg>
<arg>${BROWSER}</arg>
<doc>Opens a new browser instance to the optional ``url``.</doc>
<msg timestamp="20230424 14:26:41.655" level="INFO">Opening browser 'chrome' to base url 'https://www.is.fi/'.</msg>
<status status="PASS" starttime="20230424 14:26:41.655" endtime="20230424 14:26:44.635"/>
</kw>
<kw name="Maximize Browser Window" library="SeleniumLibrary">
<doc>Maximizes current browser window.</doc>
<status status="PASS" starttime="20230424 14:26:44.635" endtime="20230424 14:26:44.756"/>
</kw>
<kw name="Sleep" library="BuiltIn">
<arg>${DELAY}</arg>
<doc>Pauses the test executed for the given time.</doc>
<msg timestamp="20230424 14:26:47.757" level="INFO">Slept 3 seconds</msg>
<status status="PASS" starttime="20230424 14:26:44.757" endtime="20230424 14:26:47.757"/>
</kw>
<kw name="Capture Page Screenshot" library="SeleniumLibrary">
<arg>${image_name}</arg>
<doc>Takes a screenshot of the current page and embeds it into a log file.</doc>
<msg timestamp="20230424 14:26:48.034" level="INFO" html="true">&lt;/td&gt;&lt;/tr&gt;&lt;tr&gt;&lt;td colspan="3"&gt;&lt;a href="screenshots/iltasanomat.png"&gt;&lt;img src="screenshots/iltasanomat.png" width="800px"&gt;&lt;/a&gt;</msg>
<status status="PASS" starttime="20230424 14:26:47.757" endtime="20230424 14:26:48.034"/>
</kw>
<kw name="Close Browser" library="SeleniumLibrary">
<doc>Closes the current browser.</doc>
<status status="PASS" starttime="20230424 14:26:48.035" endtime="20230424 14:26:50.169"/>
</kw>
<status status="PASS" starttime="20230424 14:26:41.655" endtime="20230424 14:26:50.170"/>
</test>
<status status="PASS" starttime="20230424 14:26:41.509" endtime="20230424 14:26:50.175"/>
</suite>
<statistics>
<total>
<stat pass="1" fail="0" skip="0">All Tests</stat>
</total>
<tag>
</tag>
<suite>
<stat pass="1" fail="0" skip="0" id="s1" name="Screenshots">Screenshots</stat>
</suite>
</statistics>
<errors>
<msg timestamp="20230424 14:26:41.504" level="ERROR">Error in file 'C:\Users\AarniSeppänen\Documents\GitHub\web-collections\client\robots\screenshots.robot' on line 10: Setting 'Arguments' is not allowed with tests or tasks.</msg>
</errors>
</robot>
